[0.033s] Invoking command in '/home/leanh/devMachine2/ros2-dev/build/nav2_demo': CMAKE_PREFIX_PATH=${CMAKE_PREFIX_PATH}:/opt/ros/galactic /usr/bin/cmake --build /home/leanh/devMachine2/ros2-dev/build/nav2_demo -- -j16 -l16
[0.091s] Invoked command in '/home/leanh/devMachine2/ros2-dev/build/nav2_demo' returned '0': CMAKE_PREFIX_PATH=${CMAKE_PREFIX_PATH}:/opt/ros/galactic /usr/bin/cmake --build /home/leanh/devMachine2/ros2-dev/build/nav2_demo -- -j16 -l16
[0.160s] Invoking command in '/home/leanh/devMachine2/ros2-dev/build/nav2_demo': CMAKE_PREFIX_PATH=${CMAKE_PREFIX_PATH}:/opt/ros/galactic /usr/bin/cmake --install /home/leanh/devMachine2/ros2-dev/build/nav2_demo
[0.174s] -- Install configuration: ""
[0.174s] -- Up-to-date: /home/leanh/devMachine2/ros2-dev/install/nav2_demo/share/nav2_demo/launch
[0.174s] -- Up-to-date: /home/leanh/devMachine2/ros2-dev/install/nav2_demo/share/nav2_demo/launch/rviz2.launch.py
[0.174s] -- Up-to-date: /home/leanh/devMachine2/ros2-dev/install/nav2_demo/share/nav2_demo/launch/localization.launch.py
[0.174s] -- Up-to-date: /home/leanh/devMachine2/ros2-dev/install/nav2_demo/share/nav2_demo/launch/navigation.launch.py
[0.174s] -- Up-to-date: /home/leanh/devMachine2/ros2-dev/install/nav2_demo/share/nav2_demo/config
[0.174s] -- Installing: /home/leanh/devMachine2/ros2-dev/install/nav2_demo/share/nav2_demo/config/nav2_tweak3_params.yaml
[0.174s] -- Up-to-date: /home/leanh/devMachine2/ros2-dev/install/nav2_demo/share/nav2_demo/config/nav2_tweak2_params.yaml
[0.174s] -- Up-to-date: /home/leanh/devMachine2/ros2-dev/install/nav2_demo/share/nav2_demo/config/joy_stick.yaml
[0.174s] -- Up-to-date: /home/leanh/devMachine2/ros2-dev/install/nav2_demo/share/nav2_demo/config/nav2_params.yaml
[0.175s] -- Up-to-date: /home/leanh/devMachine2/ros2-dev/install/nav2_demo/share/nav2_demo/config/nav2_tweak_params.yaml
[0.175s] -- Up-to-date: /home/leanh/devMachine2/ros2-dev/install/nav2_demo/share/nav2_demo/config/xxx.txt
[0.175s] -- Up-to-date: /home/leanh/devMachine2/ros2-dev/install/nav2_demo/share/nav2_demo/maps
[0.175s] -- Up-to-date: /home/leanh/devMachine2/ros2-dev/install/nav2_demo/share/nav2_demo/maps/my_map.yaml
[0.175s] -- Up-to-date: /home/leanh/devMachine2/ros2-dev/install/nav2_demo/share/nav2_demo/maps/myMap5.pgm
[0.175s] -- Up-to-date: /home/leanh/devMachine2/ros2-dev/install/nav2_demo/share/nav2_demo/maps/myMap4.yaml
[0.175s] -- Up-to-date: /home/leanh/devMachine2/ros2-dev/install/nav2_demo/share/nav2_demo/maps/map3.yaml
[0.175s] -- Up-to-date: /home/leanh/devMachine2/ros2-dev/install/nav2_demo/share/nav2_demo/maps/myMap5.yaml
[0.175s] -- Up-to-date: /home/leanh/devMachine2/ros2-dev/install/nav2_demo/share/nav2_demo/maps/my_map.pgm
[0.175s] -- Up-to-date: /home/leanh/devMachine2/ros2-dev/install/nav2_demo/share/nav2_demo/maps/myMap4.pgm
[0.175s] -- Up-to-date: /home/leanh/devMachine2/ros2-dev/install/nav2_demo/share/nav2_demo/maps/myMap6.yaml
[0.175s] -- Up-to-date: /home/leanh/devMachine2/ros2-dev/install/nav2_demo/share/nav2_demo/maps/map2.yaml
[0.175s] -- Up-to-date: /home/leanh/devMachine2/ros2-dev/install/nav2_demo/share/nav2_demo/maps/map2.pgm
[0.176s] -- Up-to-date: /home/leanh/devMachine2/ros2-dev/install/nav2_demo/share/nav2_demo/maps/map3.pgm
[0.176s] -- Up-to-date: /home/leanh/devMachine2/ros2-dev/install/nav2_demo/share/nav2_demo/maps/myMap6.pgm
[0.176s] -- Up-to-date: /home/leanh/devMachine2/ros2-dev/install/nav2_demo/share/nav2_demo/rviz
[0.176s] -- Up-to-date: /home/leanh/devMachine2/ros2-dev/install/nav2_demo/share/nav2_demo/rviz/robot4.rviz
[0.176s] -- Up-to-date: /home/leanh/devMachine2/ros2-dev/install/nav2_demo/share/nav2_demo/rviz/robot3.rviz
[0.176s] -- Up-to-date: /home/leanh/devMachine2/ros2-dev/install/nav2_demo/share/ament_index/resource_index/package_run_dependencies/nav2_demo
[0.176s] -- Up-to-date: /home/leanh/devMachine2/ros2-dev/install/nav2_demo/share/ament_index/resource_index/parent_prefix_path/nav2_demo
[0.176s] -- Up-to-date: /home/leanh/devMachine2/ros2-dev/install/nav2_demo/share/nav2_demo/environment/ament_prefix_path.sh
[0.176s] -- Up-to-date: /home/leanh/devMachine2/ros2-dev/install/nav2_demo/share/nav2_demo/environment/ament_prefix_path.dsv
[0.176s] -- Up-to-date: /home/leanh/devMachine2/ros2-dev/install/nav2_demo/share/nav2_demo/environment/path.sh
[0.176s] -- Up-to-date: /home/leanh/devMachine2/ros2-dev/install/nav2_demo/share/nav2_demo/environment/path.dsv
[0.176s] -- Up-to-date: /home/leanh/devMachine2/ros2-dev/install/nav2_demo/share/nav2_demo/local_setup.bash
[0.176s] -- Up-to-date: /home/leanh/devMachine2/ros2-dev/install/nav2_demo/share/nav2_demo/local_setup.sh
[0.176s] -- Up-to-date: /home/leanh/devMachine2/ros2-dev/install/nav2_demo/share/nav2_demo/local_setup.zsh
[0.176s] -- Up-to-date: /home/leanh/devMachine2/ros2-dev/install/nav2_demo/share/nav2_demo/local_setup.dsv
[0.176s] -- Installing: /home/leanh/devMachine2/ros2-dev/install/nav2_demo/share/nav2_demo/package.dsv
[0.176s] -- Up-to-date: /home/leanh/devMachine2/ros2-dev/install/nav2_demo/share/ament_index/resource_index/packages/nav2_demo
[0.177s] -- Up-to-date: /home/leanh/devMachine2/ros2-dev/install/nav2_demo/share/nav2_demo/cmake/nav2_demoConfig.cmake
[0.177s] -- Up-to-date: /home/leanh/devMachine2/ros2-dev/install/nav2_demo/share/nav2_demo/cmake/nav2_demoConfig-version.cmake
[0.177s] -- Up-to-date: /home/leanh/devMachine2/ros2-dev/install/nav2_demo/share/nav2_demo/package.xml
[0.178s] Invoked command in '/home/leanh/devMachine2/ros2-dev/build/nav2_demo' returned '0': CMAKE_PREFIX_PATH=${CMAKE_PREFIX_PATH}:/opt/ros/galactic /usr/bin/cmake --install /home/leanh/devMachine2/ros2-dev/build/nav2_demo
