[0.043s] Invoking command in '/home/leanh/devMachine2/ros2-dev/build/robot-slam-demo': CMAKE_PREFIX_PATH=${CMAKE_PREFIX_PATH}:/opt/ros/galactic /usr/bin/cmake /home/leanh/devMachine2/ros2-dev/src/robot-slam-demo -DCMAKE_INSTALL_PREFIX=/home/leanh/devMachine2/ros2-dev/install/robot-slam-demo
[0.224s] -- The C compiler identification is GNU 9.4.0
[0.356s] -- The CXX compiler identification is GNU 9.4.0
[0.365s] -- Check for working C compiler: /usr/bin/cc
[0.478s] -- Check for working C compiler: /usr/bin/cc -- works
[0.480s] -- Detecting C compiler ABI info
[0.588s] -- Detecting C compiler ABI info - done
[0.603s] -- Detecting C compile features
[0.604s] -- Detecting C compile features - done
[0.607s] -- Check for working CXX compiler: /usr/bin/c++
[0.732s] -- Check for working CXX compiler: /usr/bin/c++ -- works
[0.734s] -- Detecting CXX compiler ABI info
[0.870s] -- Detecting CXX compiler ABI info - done
[0.887s] -- Detecting CXX compile features
[0.888s] -- Detecting CXX compile features - done
[0.893s] -- Found ament_cmake: 1.1.6 (/opt/ros/galactic/share/ament_cmake/cmake)
[0.928s] -- Found PythonInterp: /usr/bin/python3 (found suitable version "3.8.10", minimum required is "3") 
[0.928s] -- Using PYTHON_EXECUTABLE: /usr/bin/python3
[1.037s] -- Found ament_lint_auto: 0.10.7 (/opt/ros/galactic/share/ament_lint_auto/cmake)
[1.133s] -- Added test 'copyright' to check source files copyright and LICENSE
[1.137s] -- Added test 'flake8' to check Python code syntax and style conventions
[1.138s] -- Added test 'lint_cmake' to check CMake code style
[1.139s] -- Added test 'pep257' to check Python code against some of the style conventions in PEP 257
[1.142s] -- Added test 'xmllint' to check XML markup files
[1.145s] -- Configuring done
[1.147s] -- Generating done
[1.148s] -- Build files have been written to: /home/leanh/devMachine2/ros2-dev/build/robot-slam-demo
[1.152s] Invoked command in '/home/leanh/devMachine2/ros2-dev/build/robot-slam-demo' returned '0': CMAKE_PREFIX_PATH=${CMAKE_PREFIX_PATH}:/opt/ros/galactic /usr/bin/cmake /home/leanh/devMachine2/ros2-dev/src/robot-slam-demo -DCMAKE_INSTALL_PREFIX=/home/leanh/devMachine2/ros2-dev/install/robot-slam-demo
[1.160s] Invoking command in '/home/leanh/devMachine2/ros2-dev/build/robot-slam-demo': CMAKE_PREFIX_PATH=${CMAKE_PREFIX_PATH}:/opt/ros/galactic /usr/bin/cmake --build /home/leanh/devMachine2/ros2-dev/build/robot-slam-demo -- -j16 -l16
[1.231s] Invoked command in '/home/leanh/devMachine2/ros2-dev/build/robot-slam-demo' returned '0': CMAKE_PREFIX_PATH=${CMAKE_PREFIX_PATH}:/opt/ros/galactic /usr/bin/cmake --build /home/leanh/devMachine2/ros2-dev/build/robot-slam-demo -- -j16 -l16
[1.302s] Invoking command in '/home/leanh/devMachine2/ros2-dev/build/robot-slam-demo': CMAKE_PREFIX_PATH=${CMAKE_PREFIX_PATH}:/opt/ros/galactic /usr/bin/cmake --install /home/leanh/devMachine2/ros2-dev/build/robot-slam-demo
[1.318s] -- Install configuration: ""
[1.319s] -- Installing: /home/leanh/devMachine2/ros2-dev/install/robot-slam-demo/share/robot-slam-demo/launch
[1.319s] -- Installing: /home/leanh/devMachine2/ros2-dev/install/robot-slam-demo/share/robot-slam-demo/launch/cartographer.launch.py
[1.319s] -- Installing: /home/leanh/devMachine2/ros2-dev/install/robot-slam-demo/share/robot-slam-demo/launch/occupancy_grid.launch.py
[1.319s] -- Installing: /home/leanh/devMachine2/ros2-dev/install/robot-slam-demo/share/robot-slam-demo/config
[1.319s] -- Installing: /home/leanh/devMachine2/ros2-dev/install/robot-slam-demo/share/robot-slam-demo/config/jetson_robot_lds_2d.lua
[1.320s] -- Installing: /home/leanh/devMachine2/ros2-dev/install/robot-slam-demo/share/ament_index/resource_index/package_run_dependencies/robot-slam-demo
[1.320s] -- Installing: /home/leanh/devMachine2/ros2-dev/install/robot-slam-demo/share/ament_index/resource_index/parent_prefix_path/robot-slam-demo
[1.320s] -- Installing: /home/leanh/devMachine2/ros2-dev/install/robot-slam-demo/share/robot-slam-demo/environment/ament_prefix_path.sh
[1.320s] -- Installing: /home/leanh/devMachine2/ros2-dev/install/robot-slam-demo/share/robot-slam-demo/environment/ament_prefix_path.dsv
[1.320s] -- Installing: /home/leanh/devMachine2/ros2-dev/install/robot-slam-demo/share/robot-slam-demo/environment/path.sh
[1.320s] -- Installing: /home/leanh/devMachine2/ros2-dev/install/robot-slam-demo/share/robot-slam-demo/environment/path.dsv
[1.321s] -- Installing: /home/leanh/devMachine2/ros2-dev/install/robot-slam-demo/share/robot-slam-demo/local_setup.bash
[1.321s] -- Installing: /home/leanh/devMachine2/ros2-dev/install/robot-slam-demo/share/robot-slam-demo/local_setup.sh
[1.321s] -- Installing: /home/leanh/devMachine2/ros2-dev/install/robot-slam-demo/share/robot-slam-demo/local_setup.zsh
[1.321s] -- Installing: /home/leanh/devMachine2/ros2-dev/install/robot-slam-demo/share/robot-slam-demo/local_setup.dsv
[1.321s] -- Installing: /home/leanh/devMachine2/ros2-dev/install/robot-slam-demo/share/robot-slam-demo/package.dsv
[1.321s] -- Installing: /home/leanh/devMachine2/ros2-dev/install/robot-slam-demo/share/ament_index/resource_index/packages/robot-slam-demo
[1.322s] -- Installing: /home/leanh/devMachine2/ros2-dev/install/robot-slam-demo/share/robot-slam-demo/cmake/robot-slam-demoConfig.cmake
[1.322s] -- Installing: /home/leanh/devMachine2/ros2-dev/install/robot-slam-demo/share/robot-slam-demo/cmake/robot-slam-demoConfig-version.cmake
[1.322s] -- Installing: /home/leanh/devMachine2/ros2-dev/install/robot-slam-demo/share/robot-slam-demo/package.xml
[1.325s] Invoked command in '/home/leanh/devMachine2/ros2-dev/build/robot-slam-demo' returned '0': CMAKE_PREFIX_PATH=${CMAKE_PREFIX_PATH}:/opt/ros/galactic /usr/bin/cmake --install /home/leanh/devMachine2/ros2-dev/build/robot-slam-demo
