[0.259s] DEBUG:colcon:Command line arguments: ['/usr/bin/colcon', 'build']
[0.259s] DEBUG:colcon:Parsed command line arguments: Namespace(allow_overriding=[], ament_cmake_args=None, base_paths=['.'], build_base='build', catkin_cmake_args=None, catkin_skip_building_tests=False, cmake_args=None, cmake_clean_cache=False, cmake_clean_first=False, cmake_force_configure=False, cmake_target=None, cmake_target_skip_unavailable=False, continue_on_error=False, event_handlers=None, executor='parallel', ignore_user_meta=False, install_base='install', log_base=None, log_level=None, main=<bound method BuildVerb.main of <colcon_core.verb.build.BuildVerb object at 0x7f9290082670>>, merge_install=False, metas=['./colcon.meta'], mixin=None, mixin_files=None, mixin_verb=('build',), packages_above=None, packages_above_and_dependencies=None, packages_above_depth=None, packages_end=None, packages_ignore=None, packages_ignore_regex=None, packages_select=None, packages_select_build_failed=False, packages_select_by_dep=None, packages_select_regex=None, packages_select_test_failures=False, packages_skip=None, packages_skip_build_finished=False, packages_skip_by_dep=None, packages_skip_regex=None, packages_skip_test_passed=False, packages_skip_up_to=None, packages_start=None, packages_up_to=None, packages_up_to_regex=None, parallel_workers=16, paths=None, symlink_install=False, test_result_base=None, verb_extension=<colcon_core.verb.build.BuildVerb object at 0x7f9290082670>, verb_name='build', verb_parser=<colcon_mixin.mixin.mixin_argument.MixinArgumentDecorator object at 0x7f928ffa95e0>)
[0.487s] Level 1:colcon.colcon_core.package_discovery:discover_packages(colcon_meta) check parameters
[0.487s] Level 1:colcon.colcon_core.package_discovery:discover_packages(recursive) check parameters
[0.487s] Level 1:colcon.colcon_core.package_discovery:discover_packages(ignore) check parameters
[0.487s] Level 1:colcon.colcon_core.package_discovery:discover_packages(path) check parameters
[0.487s] Level 1:colcon.colcon_core.package_discovery:discover_packages(colcon_meta) discover
[0.487s] Level 1:colcon.colcon_core.package_discovery:discover_packages(recursive) discover
[0.487s] INFO:colcon.colcon_core.package_discovery:Crawling recursively for packages in '/home/leanh/devMachine2/ros2-dev'
[0.487s] Level 1:colcon.colcon_core.package_identification:_identify(.) by extensions ['ignore', 'ignore_ament_install']
[0.487s] Level 1:colcon.colcon_core.package_identification:_identify(.) by extension 'ignore'
[0.487s] Level 1:colcon.colcon_core.package_identification:_identify(.) by extension 'ignore_ament_install'
[0.487s] Level 1:colcon.colcon_core.package_identification:_identify(.) by extensions ['colcon_pkg']
[0.487s] Level 1:colcon.colcon_core.package_identification:_identify(.) by extension 'colcon_pkg'
[0.487s] Level 1:colcon.colcon_core.package_identification:_identify(.) by extensions ['colcon_meta']
[0.487s] Level 1:colcon.colcon_core.package_identification:_identify(.) by extension 'colcon_meta'
[0.487s] Level 1:colcon.colcon_core.package_identification:_identify(.) by extensions ['ros']
[0.488s] Level 1:colcon.colcon_core.package_identification:_identify(.) by extension 'ros'
[0.501s] Level 1:colcon.colcon_core.package_identification:_identify(.) by extensions ['cmake', 'python']
[0.501s] Level 1:colcon.colcon_core.package_identification:_identify(.) by extension 'cmake'
[0.501s] Level 1:colcon.colcon_core.package_identification:_identify(.) by extension 'python'
[0.501s] Level 1:colcon.colcon_core.package_identification:_identify(.) by extensions ['python_setup_py']
[0.501s] Level 1:colcon.colcon_core.package_identification:_identify(.) by extension 'python_setup_py'
[0.501s] Level 1:colcon.colcon_core.package_identification:_identify(build) by extensions ['ignore', 'ignore_ament_install']
[0.501s] Level 1:colcon.colcon_core.package_identification:_identify(build) by extension 'ignore'
[0.501s] Level 1:colcon.colcon_core.package_identification:_identify(build) ignored
[0.501s] Level 1:colcon.colcon_core.package_identification:_identify(install) by extensions ['ignore', 'ignore_ament_install']
[0.501s] Level 1:colcon.colcon_core.package_identification:_identify(install) by extension 'ignore'
[0.501s] Level 1:colcon.colcon_core.package_identification:_identify(install) ignored
[0.501s] Level 1:colcon.colcon_core.package_identification:_identify(log) by extensions ['ignore', 'ignore_ament_install']
[0.501s] Level 1:colcon.colcon_core.package_identification:_identify(log) by extension 'ignore'
[0.501s] Level 1:colcon.colcon_core.package_identification:_identify(log) ignored
[0.501s] Level 1:colcon.colcon_core.package_identification:_identify(src) by extensions ['ignore', 'ignore_ament_install']
[0.502s] Level 1:colcon.colcon_core.package_identification:_identify(src) by extension 'ignore'
[0.502s] Level 1:colcon.colcon_core.package_identification:_identify(src) by extension 'ignore_ament_install'
[0.502s] Level 1:colcon.colcon_core.package_identification:_identify(src) by extensions ['colcon_pkg']
[0.502s] Level 1:colcon.colcon_core.package_identification:_identify(src) by extension 'colcon_pkg'
[0.502s] Level 1:colcon.colcon_core.package_identification:_identify(src) by extensions ['colcon_meta']
[0.502s] Level 1:colcon.colcon_core.package_identification:_identify(src) by extension 'colcon_meta'
[0.502s] Level 1:colcon.colcon_core.package_identification:_identify(src) by extensions ['ros']
[0.502s] Level 1:colcon.colcon_core.package_identification:_identify(src) by extension 'ros'
[0.502s] Level 1:colcon.colcon_core.package_identification:_identify(src) by extensions ['cmake', 'python']
[0.502s] Level 1:colcon.colcon_core.package_identification:_identify(src) by extension 'cmake'
[0.502s] Level 1:colcon.colcon_core.package_identification:_identify(src) by extension 'python'
[0.502s] Level 1:colcon.colcon_core.package_identification:_identify(src) by extensions ['python_setup_py']
[0.502s] Level 1:colcon.colcon_core.package_identification:_identify(src) by extension 'python_setup_py'
[0.502s] Level 1:colcon.colcon_core.package_identification:_identify(src/nav2_demo) by extensions ['ignore', 'ignore_ament_install']
[0.502s] Level 1:colcon.colcon_core.package_identification:_identify(src/nav2_demo) by extension 'ignore'
[0.502s] Level 1:colcon.colcon_core.package_identification:_identify(src/nav2_demo) by extension 'ignore_ament_install'
[0.502s] Level 1:colcon.colcon_core.package_identification:_identify(src/nav2_demo) by extensions ['colcon_pkg']
[0.502s] Level 1:colcon.colcon_core.package_identification:_identify(src/nav2_demo) by extension 'colcon_pkg'
[0.502s] Level 1:colcon.colcon_core.package_identification:_identify(src/nav2_demo) by extensions ['colcon_meta']
[0.502s] Level 1:colcon.colcon_core.package_identification:_identify(src/nav2_demo) by extension 'colcon_meta'
[0.502s] Level 1:colcon.colcon_core.package_identification:_identify(src/nav2_demo) by extensions ['ros']
[0.502s] Level 1:colcon.colcon_core.package_identification:_identify(src/nav2_demo) by extension 'ros'
[0.505s] DEBUG:colcon.colcon_core.package_identification:Package 'src/nav2_demo' with type 'ros.ament_cmake' and name 'nav2_demo'
[0.506s] Level 1:colcon.colcon_core.package_identification:_identify(src/robot-slam-demo) by extensions ['ignore', 'ignore_ament_install']
[0.506s] Level 1:colcon.colcon_core.package_identification:_identify(src/robot-slam-demo) by extension 'ignore'
[0.506s] Level 1:colcon.colcon_core.package_identification:_identify(src/robot-slam-demo) by extension 'ignore_ament_install'
[0.506s] Level 1:colcon.colcon_core.package_identification:_identify(src/robot-slam-demo) by extensions ['colcon_pkg']
[0.506s] Level 1:colcon.colcon_core.package_identification:_identify(src/robot-slam-demo) by extension 'colcon_pkg'
[0.506s] Level 1:colcon.colcon_core.package_identification:_identify(src/robot-slam-demo) by extensions ['colcon_meta']
[0.506s] Level 1:colcon.colcon_core.package_identification:_identify(src/robot-slam-demo) by extension 'colcon_meta'
[0.506s] Level 1:colcon.colcon_core.package_identification:_identify(src/robot-slam-demo) by extensions ['ros']
[0.506s] Level 1:colcon.colcon_core.package_identification:_identify(src/robot-slam-demo) by extension 'ros'
[0.507s] DEBUG:colcon.colcon_core.package_identification:Package 'src/robot-slam-demo' with type 'ros.ament_cmake' and name 'robot-slam-demo'
[0.507s] Level 1:colcon.colcon_core.package_discovery:discover_packages(recursive) using defaults
[0.507s] Level 1:colcon.colcon_core.package_discovery:discover_packages(ignore) discover
[0.507s] Level 1:colcon.colcon_core.package_discovery:discover_packages(ignore) using defaults
[0.508s] Level 1:colcon.colcon_core.package_discovery:discover_packages(path) discover
[0.508s] Level 1:colcon.colcon_core.package_discovery:discover_packages(path) using defaults
[0.523s] Level 1:colcon.colcon_core.package_discovery:discover_packages(prefix_path) check parameters
[0.523s] Level 1:colcon.colcon_core.package_discovery:discover_packages(prefix_path) discover
[0.524s] WARNING:colcon.colcon_ros.prefix_path.ament:The path '/home/leanh/devMachine2/ros2-dev/install/robot-slam-demo' in the environment variable AMENT_PREFIX_PATH doesn't exist
[0.524s] WARNING:colcon.colcon_ros.prefix_path.ament:The path '/home/leanh/devMachine2/ros2-dev/install/nav2_demo' in the environment variable AMENT_PREFIX_PATH doesn't exist
[0.524s] WARNING:colcon.colcon_ros.prefix_path.catkin:The path '/home/leanh/devMachine2/ros2-dev/install/robot-slam-demo' in the environment variable CMAKE_PREFIX_PATH doesn't exist
[0.524s] WARNING:colcon.colcon_ros.prefix_path.catkin:The path '/home/leanh/devMachine2/ros2-dev/install/nav2_demo' in the environment variable CMAKE_PREFIX_PATH doesn't exist
[0.525s] DEBUG:colcon.colcon_installed_package_information.package_discovery:Found 0 installed packages in /home/leanh/devMachine2/ros2-dev/install
[0.527s] DEBUG:colcon.colcon_installed_package_information.package_discovery:Found 322 installed packages in /opt/ros/galactic
[0.529s] Level 1:colcon.colcon_core.package_discovery:discover_packages(prefix_path) using defaults
[0.585s] Level 5:colcon.colcon_core.verb:set package 'nav2_demo' build argument 'cmake_args' from command line to 'None'
[0.585s] Level 5:colcon.colcon_core.verb:set package 'nav2_demo' build argument 'cmake_target' from command line to 'None'
[0.585s] Level 5:colcon.colcon_core.verb:set package 'nav2_demo' build argument 'cmake_target_skip_unavailable' from command line to 'False'
[0.585s] Level 5:colcon.colcon_core.verb:set package 'nav2_demo' build argument 'cmake_clean_cache' from command line to 'False'
[0.585s] Level 5:colcon.colcon_core.verb:set package 'nav2_demo' build argument 'cmake_clean_first' from command line to 'False'
[0.585s] Level 5:colcon.colcon_core.verb:set package 'nav2_demo' build argument 'cmake_force_configure' from command line to 'False'
[0.585s] Level 5:colcon.colcon_core.verb:set package 'nav2_demo' build argument 'ament_cmake_args' from command line to 'None'
[0.585s] Level 5:colcon.colcon_core.verb:set package 'nav2_demo' build argument 'catkin_cmake_args' from command line to 'None'
[0.585s] Level 5:colcon.colcon_core.verb:set package 'nav2_demo' build argument 'catkin_skip_building_tests' from command line to 'False'
[0.585s] DEBUG:colcon.colcon_core.verb:Building package 'nav2_demo' with the following arguments: {'ament_cmake_args': None, 'build_base': '/home/leanh/devMachine2/ros2-dev/build/nav2_demo', 'catkin_cmake_args': None, 'catkin_skip_building_tests': False, 'cmake_args': None, 'cmake_clean_cache': False, 'cmake_clean_first': False, 'cmake_force_configure': False, 'cmake_target': None, 'cmake_target_skip_unavailable': False, 'install_base': '/home/leanh/devMachine2/ros2-dev/install/nav2_demo', 'merge_install': False, 'path': '/home/leanh/devMachine2/ros2-dev/src/nav2_demo', 'symlink_install': False, 'test_result_base': None}
[0.586s] Level 5:colcon.colcon_core.verb:set package 'robot-slam-demo' build argument 'cmake_args' from command line to 'None'
[0.586s] Level 5:colcon.colcon_core.verb:set package 'robot-slam-demo' build argument 'cmake_target' from command line to 'None'
[0.586s] Level 5:colcon.colcon_core.verb:set package 'robot-slam-demo' build argument 'cmake_target_skip_unavailable' from command line to 'False'
[0.586s] Level 5:colcon.colcon_core.verb:set package 'robot-slam-demo' build argument 'cmake_clean_cache' from command line to 'False'
[0.586s] Level 5:colcon.colcon_core.verb:set package 'robot-slam-demo' build argument 'cmake_clean_first' from command line to 'False'
[0.586s] Level 5:colcon.colcon_core.verb:set package 'robot-slam-demo' build argument 'cmake_force_configure' from command line to 'False'
[0.586s] Level 5:colcon.colcon_core.verb:set package 'robot-slam-demo' build argument 'ament_cmake_args' from command line to 'None'
[0.586s] Level 5:colcon.colcon_core.verb:set package 'robot-slam-demo' build argument 'catkin_cmake_args' from command line to 'None'
[0.586s] Level 5:colcon.colcon_core.verb:set package 'robot-slam-demo' build argument 'catkin_skip_building_tests' from command line to 'False'
[0.586s] DEBUG:colcon.colcon_core.verb:Building package 'robot-slam-demo' with the following arguments: {'ament_cmake_args': None, 'build_base': '/home/leanh/devMachine2/ros2-dev/build/robot-slam-demo', 'catkin_cmake_args': None, 'catkin_skip_building_tests': False, 'cmake_args': None, 'cmake_clean_cache': False, 'cmake_clean_first': False, 'cmake_force_configure': False, 'cmake_target': None, 'cmake_target_skip_unavailable': False, 'install_base': '/home/leanh/devMachine2/ros2-dev/install/robot-slam-demo', 'merge_install': False, 'path': '/home/leanh/devMachine2/ros2-dev/src/robot-slam-demo', 'symlink_install': False, 'test_result_base': None}
[0.586s] INFO:colcon.colcon_core.executor:Executing jobs using 'parallel' executor
[0.587s] DEBUG:colcon.colcon_parallel_executor.executor.parallel:run_until_complete
[0.587s] INFO:colcon.colcon_ros.task.ament_cmake.build:Building ROS package in '/home/leanh/devMachine2/ros2-dev/src/nav2_demo' with build type 'ament_cmake'
[0.587s] INFO:colcon.colcon_cmake.task.cmake.build:Building CMake package in '/home/leanh/devMachine2/ros2-dev/src/nav2_demo'
[0.589s] INFO:colcon.colcon_core.plugin_system:Skipping extension 'colcon_core.shell.bat': Not used on non-Windows systems
[0.589s] INFO:colcon.colcon_core.shell:Skip shell extension 'powershell' for command environment: Not usable outside of PowerShell
[0.589s] DEBUG:colcon.colcon_core.shell:Skip shell extension 'dsv' for command environment
[0.598s] INFO:colcon.colcon_ros.task.ament_cmake.build:Building ROS package in '/home/leanh/devMachine2/ros2-dev/src/robot-slam-demo' with build type 'ament_cmake'
[0.598s] INFO:colcon.colcon_cmake.task.cmake.build:Building CMake package in '/home/leanh/devMachine2/ros2-dev/src/robot-slam-demo'
[0.598s] INFO:colcon.colcon_core.shell:Skip shell extension 'powershell' for command environment: Not usable outside of PowerShell
[0.598s] DEBUG:colcon.colcon_core.shell:Skip shell extension 'dsv' for command environment
[0.621s] DEBUG:colcon.colcon_core.event_handler.log_command:Invoking command in '/home/leanh/devMachine2/ros2-dev/build/nav2_demo': CMAKE_PREFIX_PATH=${CMAKE_PREFIX_PATH}:/opt/ros/galactic /usr/bin/cmake /home/leanh/devMachine2/ros2-dev/src/nav2_demo -DCMAKE_INSTALL_PREFIX=/home/leanh/devMachine2/ros2-dev/install/nav2_demo
[0.643s] DEBUG:colcon.colcon_core.event_handler.log_command:Invoking command in '/home/leanh/devMachine2/ros2-dev/build/robot-slam-demo': CMAKE_PREFIX_PATH=${CMAKE_PREFIX_PATH}:/opt/ros/galactic /usr/bin/cmake /home/leanh/devMachine2/ros2-dev/src/robot-slam-demo -DCMAKE_INSTALL_PREFIX=/home/leanh/devMachine2/ros2-dev/install/robot-slam-demo
[1.751s] DEBUG:colcon.colcon_core.event_handler.log_command:Invoked command in '/home/leanh/devMachine2/ros2-dev/build/robot-slam-demo' returned '0': CMAKE_PREFIX_PATH=${CMAKE_PREFIX_PATH}:/opt/ros/galactic /usr/bin/cmake /home/leanh/devMachine2/ros2-dev/src/robot-slam-demo -DCMAKE_INSTALL_PREFIX=/home/leanh/devMachine2/ros2-dev/install/robot-slam-demo
[1.760s] DEBUG:colcon.colcon_core.event_handler.log_command:Invoking command in '/home/leanh/devMachine2/ros2-dev/build/robot-slam-demo': CMAKE_PREFIX_PATH=${CMAKE_PREFIX_PATH}:/opt/ros/galactic /usr/bin/cmake --build /home/leanh/devMachine2/ros2-dev/build/robot-slam-demo -- -j16 -l16
[1.767s] DEBUG:colcon.colcon_core.event_handler.log_command:Invoked command in '/home/leanh/devMachine2/ros2-dev/build/nav2_demo' returned '0': CMAKE_PREFIX_PATH=${CMAKE_PREFIX_PATH}:/opt/ros/galactic /usr/bin/cmake /home/leanh/devMachine2/ros2-dev/src/nav2_demo -DCMAKE_INSTALL_PREFIX=/home/leanh/devMachine2/ros2-dev/install/nav2_demo
[1.768s] DEBUG:colcon.colcon_core.event_handler.log_command:Invoking command in '/home/leanh/devMachine2/ros2-dev/build/nav2_demo': CMAKE_PREFIX_PATH=${CMAKE_PREFIX_PATH}:/opt/ros/galactic /usr/bin/cmake --build /home/leanh/devMachine2/ros2-dev/build/nav2_demo -- -j16 -l16
[1.830s] DEBUG:colcon.colcon_core.event_handler.log_command:Invoked command in '/home/leanh/devMachine2/ros2-dev/build/robot-slam-demo' returned '0': CMAKE_PREFIX_PATH=${CMAKE_PREFIX_PATH}:/opt/ros/galactic /usr/bin/cmake --build /home/leanh/devMachine2/ros2-dev/build/robot-slam-demo -- -j16 -l16
[1.841s] DEBUG:colcon.colcon_core.event_handler.log_command:Invoked command in '/home/leanh/devMachine2/ros2-dev/build/nav2_demo' returned '0': CMAKE_PREFIX_PATH=${CMAKE_PREFIX_PATH}:/opt/ros/galactic /usr/bin/cmake --build /home/leanh/devMachine2/ros2-dev/build/nav2_demo -- -j16 -l16
[1.901s] DEBUG:colcon.colcon_core.event_handler.log_command:Invoking command in '/home/leanh/devMachine2/ros2-dev/build/robot-slam-demo': CMAKE_PREFIX_PATH=${CMAKE_PREFIX_PATH}:/opt/ros/galactic /usr/bin/cmake --install /home/leanh/devMachine2/ros2-dev/build/robot-slam-demo
[1.913s] DEBUG:colcon.colcon_core.event_handler.log_command:Invoking command in '/home/leanh/devMachine2/ros2-dev/build/nav2_demo': CMAKE_PREFIX_PATH=${CMAKE_PREFIX_PATH}:/opt/ros/galactic /usr/bin/cmake --install /home/leanh/devMachine2/ros2-dev/build/nav2_demo
[1.923s] Level 1:colcon.colcon_core.environment:create_environment_scripts_only(robot-slam-demo)
[1.924s] DEBUG:colcon.colcon_core.event_handler.log_command:Invoked command in '/home/leanh/devMachine2/ros2-dev/build/robot-slam-demo' returned '0': CMAKE_PREFIX_PATH=${CMAKE_PREFIX_PATH}:/opt/ros/galactic /usr/bin/cmake --install /home/leanh/devMachine2/ros2-dev/build/robot-slam-demo
[1.929s] Level 1:colcon.colcon_core.environment:checking '/home/leanh/devMachine2/ros2-dev/install/robot-slam-demo' for CMake module files
[1.930s] Level 1:colcon.colcon_core.environment:checking '/home/leanh/devMachine2/ros2-dev/install/robot-slam-demo' for CMake config files
[1.931s] Level 1:colcon.colcon_core.shell:create_environment_hook('robot-slam-demo', 'cmake_prefix_path')
[1.931s] INFO:colcon.colcon_core.shell:Creating environment hook '/home/leanh/devMachine2/ros2-dev/install/robot-slam-demo/share/robot-slam-demo/hook/cmake_prefix_path.ps1'
[1.932s] INFO:colcon.colcon_core.shell:Creating environment descriptor '/home/leanh/devMachine2/ros2-dev/install/robot-slam-demo/share/robot-slam-demo/hook/cmake_prefix_path.dsv'
[1.934s] INFO:colcon.colcon_core.shell:Creating environment hook '/home/leanh/devMachine2/ros2-dev/install/robot-slam-demo/share/robot-slam-demo/hook/cmake_prefix_path.sh'
[1.937s] Level 1:colcon.colcon_core.environment:checking '/home/leanh/devMachine2/ros2-dev/install/robot-slam-demo/bin'
[1.937s] Level 1:colcon.colcon_core.environment:checking '/home/leanh/devMachine2/ros2-dev/install/robot-slam-demo/lib/pkgconfig/robot-slam-demo.pc'
[1.937s] Level 1:colcon.colcon_core.environment:checking '/home/leanh/devMachine2/ros2-dev/install/robot-slam-demo/lib/python3.8/site-packages'
[1.937s] Level 1:colcon.colcon_core.environment:checking '/home/leanh/devMachine2/ros2-dev/install/robot-slam-demo/bin'
[1.938s] INFO:colcon.colcon_core.shell:Creating package script '/home/leanh/devMachine2/ros2-dev/install/robot-slam-demo/share/robot-slam-demo/package.ps1'
[1.939s] INFO:colcon.colcon_core.shell:Creating package descriptor '/home/leanh/devMachine2/ros2-dev/install/robot-slam-demo/share/robot-slam-demo/package.dsv'
[1.946s] INFO:colcon.colcon_core.shell:Creating package script '/home/leanh/devMachine2/ros2-dev/install/robot-slam-demo/share/robot-slam-demo/package.sh'
[1.947s] INFO:colcon.colcon_core.shell:Creating package script '/home/leanh/devMachine2/ros2-dev/install/robot-slam-demo/share/robot-slam-demo/package.bash'
[1.949s] INFO:colcon.colcon_core.shell:Creating package script '/home/leanh/devMachine2/ros2-dev/install/robot-slam-demo/share/robot-slam-demo/package.zsh'
[1.950s] Level 1:colcon.colcon_core.environment:create_file_with_runtime_dependencies(/home/leanh/devMachine2/ros2-dev/install/robot-slam-demo/share/colcon-core/packages/robot-slam-demo)
[1.961s] Level 1:colcon.colcon_core.environment:create_environment_scripts_only(nav2_demo)
[1.961s] Level 1:colcon.colcon_core.environment:checking '/home/leanh/devMachine2/ros2-dev/install/nav2_demo' for CMake module files
[1.962s] DEBUG:colcon.colcon_core.event_handler.log_command:Invoked command in '/home/leanh/devMachine2/ros2-dev/build/nav2_demo' returned '0': CMAKE_PREFIX_PATH=${CMAKE_PREFIX_PATH}:/opt/ros/galactic /usr/bin/cmake --install /home/leanh/devMachine2/ros2-dev/build/nav2_demo
[1.963s] Level 1:colcon.colcon_core.environment:checking '/home/leanh/devMachine2/ros2-dev/install/nav2_demo' for CMake config files
[1.963s] Level 1:colcon.colcon_core.shell:create_environment_hook('nav2_demo', 'cmake_prefix_path')
[1.964s] INFO:colcon.colcon_core.shell:Creating environment hook '/home/leanh/devMachine2/ros2-dev/install/nav2_demo/share/nav2_demo/hook/cmake_prefix_path.ps1'
[1.964s] INFO:colcon.colcon_core.shell:Creating environment descriptor '/home/leanh/devMachine2/ros2-dev/install/nav2_demo/share/nav2_demo/hook/cmake_prefix_path.dsv'
[1.964s] INFO:colcon.colcon_core.shell:Creating environment hook '/home/leanh/devMachine2/ros2-dev/install/nav2_demo/share/nav2_demo/hook/cmake_prefix_path.sh'
[1.965s] Level 1:colcon.colcon_core.environment:checking '/home/leanh/devMachine2/ros2-dev/install/nav2_demo/bin'
[1.965s] Level 1:colcon.colcon_core.environment:checking '/home/leanh/devMachine2/ros2-dev/install/nav2_demo/lib/pkgconfig/nav2_demo.pc'
[1.965s] Level 1:colcon.colcon_core.environment:checking '/home/leanh/devMachine2/ros2-dev/install/nav2_demo/lib/python3.8/site-packages'
[1.965s] Level 1:colcon.colcon_core.environment:checking '/home/leanh/devMachine2/ros2-dev/install/nav2_demo/bin'
[1.965s] INFO:colcon.colcon_core.shell:Creating package script '/home/leanh/devMachine2/ros2-dev/install/nav2_demo/share/nav2_demo/package.ps1'
[1.966s] INFO:colcon.colcon_core.shell:Creating package descriptor '/home/leanh/devMachine2/ros2-dev/install/nav2_demo/share/nav2_demo/package.dsv'
[1.966s] INFO:colcon.colcon_core.shell:Creating package script '/home/leanh/devMachine2/ros2-dev/install/nav2_demo/share/nav2_demo/package.sh'
[1.966s] INFO:colcon.colcon_core.shell:Creating package script '/home/leanh/devMachine2/ros2-dev/install/nav2_demo/share/nav2_demo/package.bash'
[1.967s] INFO:colcon.colcon_core.shell:Creating package script '/home/leanh/devMachine2/ros2-dev/install/nav2_demo/share/nav2_demo/package.zsh'
[1.967s] Level 1:colcon.colcon_core.environment:create_file_with_runtime_dependencies(/home/leanh/devMachine2/ros2-dev/install/nav2_demo/share/colcon-core/packages/nav2_demo)
[1.998s] Level 1:colcon.colcon_core.environment:create_environment_scripts_only(robot-slam-demo)
[1.999s] Level 1:colcon.colcon_core.environment:checking '/home/leanh/devMachine2/ros2-dev/install/robot-slam-demo' for CMake module files
[2.000s] Level 1:colcon.colcon_core.environment:checking '/home/leanh/devMachine2/ros2-dev/install/robot-slam-demo' for CMake config files
[2.000s] Level 1:colcon.colcon_core.shell:create_environment_hook('robot-slam-demo', 'cmake_prefix_path')
[2.001s] INFO:colcon.colcon_core.shell:Creating environment hook '/home/leanh/devMachine2/ros2-dev/install/robot-slam-demo/share/robot-slam-demo/hook/cmake_prefix_path.ps1'
[2.003s] INFO:colcon.colcon_core.shell:Creating environment descriptor '/home/leanh/devMachine2/ros2-dev/install/robot-slam-demo/share/robot-slam-demo/hook/cmake_prefix_path.dsv'
[2.004s] INFO:colcon.colcon_core.shell:Creating environment hook '/home/leanh/devMachine2/ros2-dev/install/robot-slam-demo/share/robot-slam-demo/hook/cmake_prefix_path.sh'
[2.006s] Level 1:colcon.colcon_core.environment:checking '/home/leanh/devMachine2/ros2-dev/install/robot-slam-demo/bin'
[2.006s] Level 1:colcon.colcon_core.environment:checking '/home/leanh/devMachine2/ros2-dev/install/robot-slam-demo/lib/pkgconfig/robot-slam-demo.pc'
[2.007s] Level 1:colcon.colcon_core.environment:checking '/home/leanh/devMachine2/ros2-dev/install/robot-slam-demo/lib/python3.8/site-packages'
[2.007s] Level 1:colcon.colcon_core.environment:checking '/home/leanh/devMachine2/ros2-dev/install/robot-slam-demo/bin'
[2.008s] INFO:colcon.colcon_core.shell:Creating package script '/home/leanh/devMachine2/ros2-dev/install/robot-slam-demo/share/robot-slam-demo/package.ps1'
[2.009s] INFO:colcon.colcon_core.shell:Creating package descriptor '/home/leanh/devMachine2/ros2-dev/install/robot-slam-demo/share/robot-slam-demo/package.dsv'
[2.010s] INFO:colcon.colcon_core.shell:Creating package script '/home/leanh/devMachine2/ros2-dev/install/robot-slam-demo/share/robot-slam-demo/package.sh'
[2.011s] INFO:colcon.colcon_core.shell:Creating package script '/home/leanh/devMachine2/ros2-dev/install/robot-slam-demo/share/robot-slam-demo/package.bash'
[2.012s] INFO:colcon.colcon_core.shell:Creating package script '/home/leanh/devMachine2/ros2-dev/install/robot-slam-demo/share/robot-slam-demo/package.zsh'
[2.012s] Level 1:colcon.colcon_core.environment:create_file_with_runtime_dependencies(/home/leanh/devMachine2/ros2-dev/install/robot-slam-demo/share/colcon-core/packages/robot-slam-demo)
[2.014s] Level 1:colcon.colcon_core.environment:create_environment_scripts_only(nav2_demo)
[2.015s] Level 1:colcon.colcon_core.environment:checking '/home/leanh/devMachine2/ros2-dev/install/nav2_demo' for CMake module files
[2.016s] Level 1:colcon.colcon_core.environment:checking '/home/leanh/devMachine2/ros2-dev/install/nav2_demo' for CMake config files
[2.016s] Level 1:colcon.colcon_core.shell:create_environment_hook('nav2_demo', 'cmake_prefix_path')
[2.016s] INFO:colcon.colcon_core.shell:Creating environment hook '/home/leanh/devMachine2/ros2-dev/install/nav2_demo/share/nav2_demo/hook/cmake_prefix_path.ps1'
[2.016s] INFO:colcon.colcon_core.shell:Creating environment descriptor '/home/leanh/devMachine2/ros2-dev/install/nav2_demo/share/nav2_demo/hook/cmake_prefix_path.dsv'
[2.017s] INFO:colcon.colcon_core.shell:Creating environment hook '/home/leanh/devMachine2/ros2-dev/install/nav2_demo/share/nav2_demo/hook/cmake_prefix_path.sh'
[2.017s] Level 1:colcon.colcon_core.environment:checking '/home/leanh/devMachine2/ros2-dev/install/nav2_demo/bin'
[2.017s] Level 1:colcon.colcon_core.environment:checking '/home/leanh/devMachine2/ros2-dev/install/nav2_demo/lib/pkgconfig/nav2_demo.pc'
[2.017s] Level 1:colcon.colcon_core.environment:checking '/home/leanh/devMachine2/ros2-dev/install/nav2_demo/lib/python3.8/site-packages'
[2.018s] Level 1:colcon.colcon_core.environment:checking '/home/leanh/devMachine2/ros2-dev/install/nav2_demo/bin'
[2.018s] INFO:colcon.colcon_core.shell:Creating package script '/home/leanh/devMachine2/ros2-dev/install/nav2_demo/share/nav2_demo/package.ps1'
[2.018s] INFO:colcon.colcon_core.shell:Creating package descriptor '/home/leanh/devMachine2/ros2-dev/install/nav2_demo/share/nav2_demo/package.dsv'
[2.018s] INFO:colcon.colcon_core.shell:Creating package script '/home/leanh/devMachine2/ros2-dev/install/nav2_demo/share/nav2_demo/package.sh'
[2.019s] INFO:colcon.colcon_core.shell:Creating package script '/home/leanh/devMachine2/ros2-dev/install/nav2_demo/share/nav2_demo/package.bash'
[2.019s] INFO:colcon.colcon_core.shell:Creating package script '/home/leanh/devMachine2/ros2-dev/install/nav2_demo/share/nav2_demo/package.zsh'
[2.019s] Level 1:colcon.colcon_core.environment:create_file_with_runtime_dependencies(/home/leanh/devMachine2/ros2-dev/install/nav2_demo/share/colcon-core/packages/nav2_demo)
[2.020s] DEBUG:colcon.colcon_parallel_executor.executor.parallel:closing loop
[2.020s] DEBUG:colcon.colcon_parallel_executor.executor.parallel:loop closed
[2.020s] DEBUG:colcon.colcon_parallel_executor.executor.parallel:run_until_complete finished with '0'
[2.020s] DEBUG:colcon.colcon_core.event_reactor:joining thread
[2.032s] INFO:colcon.colcon_core.plugin_system:Skipping extension 'colcon_notification.desktop_notification.terminal_notifier': Not used on non-Darwin systems
[2.032s] INFO:colcon.colcon_core.plugin_system:Skipping extension 'colcon_notification.desktop_notification.win32': Not used on non-Windows systems
[2.032s] INFO:colcon.colcon_notification.desktop_notification:Sending desktop notification using 'notify2'
[2.054s] DEBUG:colcon.colcon_core.event_reactor:joined thread
[2.055s] INFO:colcon.colcon_core.shell:Creating prefix script '/home/leanh/devMachine2/ros2-dev/install/local_setup.ps1'
[2.057s] INFO:colcon.colcon_core.shell:Creating prefix util module '/home/leanh/devMachine2/ros2-dev/install/_local_setup_util_ps1.py'
[2.061s] INFO:colcon.colcon_core.shell:Creating prefix chain script '/home/leanh/devMachine2/ros2-dev/install/setup.ps1'
[2.065s] INFO:colcon.colcon_core.shell:Creating prefix script '/home/leanh/devMachine2/ros2-dev/install/local_setup.sh'
[2.066s] INFO:colcon.colcon_core.shell:Creating prefix util module '/home/leanh/devMachine2/ros2-dev/install/_local_setup_util_sh.py'
[2.067s] INFO:colcon.colcon_core.shell:Creating prefix chain script '/home/leanh/devMachine2/ros2-dev/install/setup.sh'
[2.070s] INFO:colcon.colcon_core.shell:Creating prefix script '/home/leanh/devMachine2/ros2-dev/install/local_setup.bash'
[2.071s] INFO:colcon.colcon_core.shell:Creating prefix chain script '/home/leanh/devMachine2/ros2-dev/install/setup.bash'
[2.072s] INFO:colcon.colcon_core.shell:Creating prefix script '/home/leanh/devMachine2/ros2-dev/install/local_setup.zsh'
[2.073s] INFO:colcon.colcon_core.shell:Creating prefix chain script '/home/leanh/devMachine2/ros2-dev/install/setup.zsh'
