[0.043s] Invoking command in '/home/leanh/devMachine2/ros2-dev/build/robot-slam-demo': CMAKE_PREFIX_PATH=${CMAKE_PREFIX_PATH}:/opt/ros/galactic /usr/bin/cmake --build /home/leanh/devMachine2/ros2-dev/build/robot-slam-demo -- -j16 -l16
[0.112s] Invoked command in '/home/leanh/devMachine2/ros2-dev/build/robot-slam-demo' returned '0': CMAKE_PREFIX_PATH=${CMAKE_PREFIX_PATH}:/opt/ros/galactic /usr/bin/cmake --build /home/leanh/devMachine2/ros2-dev/build/robot-slam-demo -- -j16 -l16
[0.180s] Invoking command in '/home/leanh/devMachine2/ros2-dev/build/robot-slam-demo': CMAKE_PREFIX_PATH=${CMAKE_PREFIX_PATH}:/opt/ros/galactic /usr/bin/cmake --install /home/leanh/devMachine2/ros2-dev/build/robot-slam-demo
[0.202s] -- Install configuration: ""
[0.202s] -- Up-to-date: /home/leanh/devMachine2/ros2-dev/install/robot-slam-demo/share/robot-slam-demo/launch
[0.202s] -- Up-to-date: /home/leanh/devMachine2/ros2-dev/install/robot-slam-demo/share/robot-slam-demo/launch/cartographer.launch.py
[0.202s] -- Up-to-date: /home/leanh/devMachine2/ros2-dev/install/robot-slam-demo/share/robot-slam-demo/launch/occupancy_grid.launch.py
[0.203s] -- Up-to-date: /home/leanh/devMachine2/ros2-dev/install/robot-slam-demo/share/robot-slam-demo/config
[0.203s] -- Up-to-date: /home/leanh/devMachine2/ros2-dev/install/robot-slam-demo/share/robot-slam-demo/config/jetson_robot_lds_2d.lua
[0.203s] -- Up-to-date: /home/leanh/devMachine2/ros2-dev/install/robot-slam-demo/share/ament_index/resource_index/package_run_dependencies/robot-slam-demo
[0.203s] -- Up-to-date: /home/leanh/devMachine2/ros2-dev/install/robot-slam-demo/share/ament_index/resource_index/parent_prefix_path/robot-slam-demo
[0.203s] -- Up-to-date: /home/leanh/devMachine2/ros2-dev/install/robot-slam-demo/share/robot-slam-demo/environment/ament_prefix_path.sh
[0.203s] -- Up-to-date: /home/leanh/devMachine2/ros2-dev/install/robot-slam-demo/share/robot-slam-demo/environment/ament_prefix_path.dsv
[0.203s] -- Up-to-date: /home/leanh/devMachine2/ros2-dev/install/robot-slam-demo/share/robot-slam-demo/environment/path.sh
[0.203s] -- Up-to-date: /home/leanh/devMachine2/ros2-dev/install/robot-slam-demo/share/robot-slam-demo/environment/path.dsv
[0.203s] -- Up-to-date: /home/leanh/devMachine2/ros2-dev/install/robot-slam-demo/share/robot-slam-demo/local_setup.bash
[0.203s] -- Up-to-date: /home/leanh/devMachine2/ros2-dev/install/robot-slam-demo/share/robot-slam-demo/local_setup.sh
[0.203s] -- Up-to-date: /home/leanh/devMachine2/ros2-dev/install/robot-slam-demo/share/robot-slam-demo/local_setup.zsh
[0.203s] -- Up-to-date: /home/leanh/devMachine2/ros2-dev/install/robot-slam-demo/share/robot-slam-demo/local_setup.dsv
[0.203s] -- Up-to-date: /home/leanh/devMachine2/ros2-dev/install/robot-slam-demo/share/robot-slam-demo/package.dsv
[0.204s] -- Up-to-date: /home/leanh/devMachine2/ros2-dev/install/robot-slam-demo/share/ament_index/resource_index/packages/robot-slam-demo
[0.204s] -- Up-to-date: /home/leanh/devMachine2/ros2-dev/install/robot-slam-demo/share/robot-slam-demo/cmake/robot-slam-demoConfig.cmake
[0.204s] -- Up-to-date: /home/leanh/devMachine2/ros2-dev/install/robot-slam-demo/share/robot-slam-demo/cmake/robot-slam-demoConfig-version.cmake
[0.204s] -- Up-to-date: /home/leanh/devMachine2/ros2-dev/install/robot-slam-demo/share/robot-slam-demo/package.xml
[0.208s] Invoked command in '/home/leanh/devMachine2/ros2-dev/build/robot-slam-demo' returned '0': CMAKE_PREFIX_PATH=${CMAKE_PREFIX_PATH}:/opt/ros/galactic /usr/bin/cmake --install /home/leanh/devMachine2/ros2-dev/build/robot-slam-demo
