[0.229s] DEBUG:colcon:Command line arguments: ['/usr/bin/colcon', 'build']
[0.229s] DEBUG:colcon:Parsed command line arguments: Namespace(allow_overriding=[], ament_cmake_args=None, base_paths=['.'], build_base='build', catkin_cmake_args=None, catkin_skip_building_tests=False, cmake_args=None, cmake_clean_cache=False, cmake_clean_first=False, cmake_force_configure=False, cmake_target=None, cmake_target_skip_unavailable=False, continue_on_error=False, event_handlers=None, executor='parallel', ignore_user_meta=False, install_base='install', log_base=None, log_level=None, main=<bound method BuildVerb.main of <colcon_core.verb.build.BuildVerb object at 0x7fe7c13f6670>>, merge_install=False, metas=['./colcon.meta'], mixin=None, mixin_files=None, mixin_verb=('build',), packages_above=None, packages_above_and_dependencies=None, packages_above_depth=None, packages_end=None, packages_ignore=None, packages_ignore_regex=None, packages_select=None, packages_select_build_failed=False, packages_select_by_dep=None, packages_select_regex=None, packages_select_test_failures=False, packages_skip=None, packages_skip_build_finished=False, packages_skip_by_dep=None, packages_skip_regex=None, packages_skip_test_passed=False, packages_skip_up_to=None, packages_start=None, packages_up_to=None, packages_up_to_regex=None, parallel_workers=16, paths=None, symlink_install=False, test_result_base=None, verb_extension=<colcon_core.verb.build.BuildVerb object at 0x7fe7c13f6670>, verb_name='build', verb_parser=<colcon_mixin.mixin.mixin_argument.MixinArgumentDecorator object at 0x7fe7c131c5e0>)
[0.445s] Level 1:colcon.colcon_core.package_discovery:discover_packages(colcon_meta) check parameters
[0.445s] Level 1:colcon.colcon_core.package_discovery:discover_packages(recursive) check parameters
[0.445s] Level 1:colcon.colcon_core.package_discovery:discover_packages(ignore) check parameters
[0.445s] Level 1:colcon.colcon_core.package_discovery:discover_packages(path) check parameters
[0.445s] Level 1:colcon.colcon_core.package_discovery:discover_packages(colcon_meta) discover
[0.445s] Level 1:colcon.colcon_core.package_discovery:discover_packages(recursive) discover
[0.445s] INFO:colcon.colcon_core.package_discovery:Crawling recursively for packages in '/home/leanh/devMachine2/ros2-dev'
[0.445s] Level 1:colcon.colcon_core.package_identification:_identify(.) by extensions ['ignore', 'ignore_ament_install']
[0.445s] Level 1:colcon.colcon_core.package_identification:_identify(.) by extension 'ignore'
[0.445s] Level 1:colcon.colcon_core.package_identification:_identify(.) by extension 'ignore_ament_install'
[0.445s] Level 1:colcon.colcon_core.package_identification:_identify(.) by extensions ['colcon_pkg']
[0.445s] Level 1:colcon.colcon_core.package_identification:_identify(.) by extension 'colcon_pkg'
[0.445s] Level 1:colcon.colcon_core.package_identification:_identify(.) by extensions ['colcon_meta']
[0.445s] Level 1:colcon.colcon_core.package_identification:_identify(.) by extension 'colcon_meta'
[0.445s] Level 1:colcon.colcon_core.package_identification:_identify(.) by extensions ['ros']
[0.445s] Level 1:colcon.colcon_core.package_identification:_identify(.) by extension 'ros'
[0.457s] Level 1:colcon.colcon_core.package_identification:_identify(.) by extensions ['cmake', 'python']
[0.457s] Level 1:colcon.colcon_core.package_identification:_identify(.) by extension 'cmake'
[0.457s] Level 1:colcon.colcon_core.package_identification:_identify(.) by extension 'python'
[0.457s] Level 1:colcon.colcon_core.package_identification:_identify(.) by extensions ['python_setup_py']
[0.457s] Level 1:colcon.colcon_core.package_identification:_identify(.) by extension 'python_setup_py'
[0.457s] Level 1:colcon.colcon_core.package_identification:_identify(build) by extensions ['ignore', 'ignore_ament_install']
[0.457s] Level 1:colcon.colcon_core.package_identification:_identify(build) by extension 'ignore'
[0.457s] Level 1:colcon.colcon_core.package_identification:_identify(build) ignored
[0.457s] Level 1:colcon.colcon_core.package_identification:_identify(install) by extensions ['ignore', 'ignore_ament_install']
[0.457s] Level 1:colcon.colcon_core.package_identification:_identify(install) by extension 'ignore'
[0.457s] Level 1:colcon.colcon_core.package_identification:_identify(install) ignored
[0.457s] Level 1:colcon.colcon_core.package_identification:_identify(log) by extensions ['ignore', 'ignore_ament_install']
[0.458s] Level 1:colcon.colcon_core.package_identification:_identify(log) by extension 'ignore'
[0.458s] Level 1:colcon.colcon_core.package_identification:_identify(log) ignored
[0.458s] Level 1:colcon.colcon_core.package_identification:_identify(src) by extensions ['ignore', 'ignore_ament_install']
[0.458s] Level 1:colcon.colcon_core.package_identification:_identify(src) by extension 'ignore'
[0.458s] Level 1:colcon.colcon_core.package_identification:_identify(src) by extension 'ignore_ament_install'
[0.458s] Level 1:colcon.colcon_core.package_identification:_identify(src) by extensions ['colcon_pkg']
[0.458s] Level 1:colcon.colcon_core.package_identification:_identify(src) by extension 'colcon_pkg'
[0.458s] Level 1:colcon.colcon_core.package_identification:_identify(src) by extensions ['colcon_meta']
[0.458s] Level 1:colcon.colcon_core.package_identification:_identify(src) by extension 'colcon_meta'
[0.458s] Level 1:colcon.colcon_core.package_identification:_identify(src) by extensions ['ros']
[0.458s] Level 1:colcon.colcon_core.package_identification:_identify(src) by extension 'ros'
[0.458s] Level 1:colcon.colcon_core.package_identification:_identify(src) by extensions ['cmake', 'python']
[0.458s] Level 1:colcon.colcon_core.package_identification:_identify(src) by extension 'cmake'
[0.458s] Level 1:colcon.colcon_core.package_identification:_identify(src) by extension 'python'
[0.458s] Level 1:colcon.colcon_core.package_identification:_identify(src) by extensions ['python_setup_py']
[0.458s] Level 1:colcon.colcon_core.package_identification:_identify(src) by extension 'python_setup_py'
[0.458s] Level 1:colcon.colcon_core.package_identification:_identify(src/nav2_demo) by extensions ['ignore', 'ignore_ament_install']
[0.458s] Level 1:colcon.colcon_core.package_identification:_identify(src/nav2_demo) by extension 'ignore'
[0.458s] Level 1:colcon.colcon_core.package_identification:_identify(src/nav2_demo) by extension 'ignore_ament_install'
[0.458s] Level 1:colcon.colcon_core.package_identification:_identify(src/nav2_demo) by extensions ['colcon_pkg']
[0.458s] Level 1:colcon.colcon_core.package_identification:_identify(src/nav2_demo) by extension 'colcon_pkg'
[0.459s] Level 1:colcon.colcon_core.package_identification:_identify(src/nav2_demo) by extensions ['colcon_meta']
[0.459s] Level 1:colcon.colcon_core.package_identification:_identify(src/nav2_demo) by extension 'colcon_meta'
[0.459s] Level 1:colcon.colcon_core.package_identification:_identify(src/nav2_demo) by extensions ['ros']
[0.459s] Level 1:colcon.colcon_core.package_identification:_identify(src/nav2_demo) by extension 'ros'
[0.464s] DEBUG:colcon.colcon_core.package_identification:Package 'src/nav2_demo' with type 'ros.ament_cmake' and name 'nav2_demo'
[0.465s] Level 1:colcon.colcon_core.package_identification:_identify(src/robot-slam-demo) by extensions ['ignore', 'ignore_ament_install']
[0.465s] Level 1:colcon.colcon_core.package_identification:_identify(src/robot-slam-demo) by extension 'ignore'
[0.465s] Level 1:colcon.colcon_core.package_identification:_identify(src/robot-slam-demo) by extension 'ignore_ament_install'
[0.465s] Level 1:colcon.colcon_core.package_identification:_identify(src/robot-slam-demo) by extensions ['colcon_pkg']
[0.465s] Level 1:colcon.colcon_core.package_identification:_identify(src/robot-slam-demo) by extension 'colcon_pkg'
[0.465s] Level 1:colcon.colcon_core.package_identification:_identify(src/robot-slam-demo) by extensions ['colcon_meta']
[0.465s] Level 1:colcon.colcon_core.package_identification:_identify(src/robot-slam-demo) by extension 'colcon_meta'
[0.465s] Level 1:colcon.colcon_core.package_identification:_identify(src/robot-slam-demo) by extensions ['ros']
[0.466s] Level 1:colcon.colcon_core.package_identification:_identify(src/robot-slam-demo) by extension 'ros'
[0.467s] DEBUG:colcon.colcon_core.package_identification:Package 'src/robot-slam-demo' with type 'ros.ament_cmake' and name 'robot-slam-demo'
[0.467s] Level 1:colcon.colcon_core.package_discovery:discover_packages(recursive) using defaults
[0.467s] Level 1:colcon.colcon_core.package_discovery:discover_packages(ignore) discover
[0.467s] Level 1:colcon.colcon_core.package_discovery:discover_packages(ignore) using defaults
[0.467s] Level 1:colcon.colcon_core.package_discovery:discover_packages(path) discover
[0.467s] Level 1:colcon.colcon_core.package_discovery:discover_packages(path) using defaults
[0.483s] Level 1:colcon.colcon_core.package_discovery:discover_packages(prefix_path) check parameters
[0.483s] Level 1:colcon.colcon_core.package_discovery:discover_packages(prefix_path) discover
[0.485s] DEBUG:colcon.colcon_installed_package_information.package_discovery:Found 2 installed packages in /home/leanh/devMachine2/ros2-dev/install
[0.487s] DEBUG:colcon.colcon_installed_package_information.package_discovery:Found 322 installed packages in /opt/ros/galactic
[0.488s] Level 1:colcon.colcon_core.package_discovery:discover_packages(prefix_path) using defaults
[0.544s] Level 5:colcon.colcon_core.verb:set package 'nav2_demo' build argument 'cmake_args' from command line to 'None'
[0.544s] Level 5:colcon.colcon_core.verb:set package 'nav2_demo' build argument 'cmake_target' from command line to 'None'
[0.544s] Level 5:colcon.colcon_core.verb:set package 'nav2_demo' build argument 'cmake_target_skip_unavailable' from command line to 'False'
[0.544s] Level 5:colcon.colcon_core.verb:set package 'nav2_demo' build argument 'cmake_clean_cache' from command line to 'False'
[0.544s] Level 5:colcon.colcon_core.verb:set package 'nav2_demo' build argument 'cmake_clean_first' from command line to 'False'
[0.544s] Level 5:colcon.colcon_core.verb:set package 'nav2_demo' build argument 'cmake_force_configure' from command line to 'False'
[0.544s] Level 5:colcon.colcon_core.verb:set package 'nav2_demo' build argument 'ament_cmake_args' from command line to 'None'
[0.544s] Level 5:colcon.colcon_core.verb:set package 'nav2_demo' build argument 'catkin_cmake_args' from command line to 'None'
[0.544s] Level 5:colcon.colcon_core.verb:set package 'nav2_demo' build argument 'catkin_skip_building_tests' from command line to 'False'
[0.544s] DEBUG:colcon.colcon_core.verb:Building package 'nav2_demo' with the following arguments: {'ament_cmake_args': None, 'build_base': '/home/leanh/devMachine2/ros2-dev/build/nav2_demo', 'catkin_cmake_args': None, 'catkin_skip_building_tests': False, 'cmake_args': None, 'cmake_clean_cache': False, 'cmake_clean_first': False, 'cmake_force_configure': False, 'cmake_target': None, 'cmake_target_skip_unavailable': False, 'install_base': '/home/leanh/devMachine2/ros2-dev/install/nav2_demo', 'merge_install': False, 'path': '/home/leanh/devMachine2/ros2-dev/src/nav2_demo', 'symlink_install': False, 'test_result_base': None}
[0.544s] Level 5:colcon.colcon_core.verb:set package 'robot-slam-demo' build argument 'cmake_args' from command line to 'None'
[0.544s] Level 5:colcon.colcon_core.verb:set package 'robot-slam-demo' build argument 'cmake_target' from command line to 'None'
[0.544s] Level 5:colcon.colcon_core.verb:set package 'robot-slam-demo' build argument 'cmake_target_skip_unavailable' from command line to 'False'
[0.544s] Level 5:colcon.colcon_core.verb:set package 'robot-slam-demo' build argument 'cmake_clean_cache' from command line to 'False'
[0.544s] Level 5:colcon.colcon_core.verb:set package 'robot-slam-demo' build argument 'cmake_clean_first' from command line to 'False'
[0.544s] Level 5:colcon.colcon_core.verb:set package 'robot-slam-demo' build argument 'cmake_force_configure' from command line to 'False'
[0.544s] Level 5:colcon.colcon_core.verb:set package 'robot-slam-demo' build argument 'ament_cmake_args' from command line to 'None'
[0.544s] Level 5:colcon.colcon_core.verb:set package 'robot-slam-demo' build argument 'catkin_cmake_args' from command line to 'None'
[0.544s] Level 5:colcon.colcon_core.verb:set package 'robot-slam-demo' build argument 'catkin_skip_building_tests' from command line to 'False'
[0.544s] DEBUG:colcon.colcon_core.verb:Building package 'robot-slam-demo' with the following arguments: {'ament_cmake_args': None, 'build_base': '/home/leanh/devMachine2/ros2-dev/build/robot-slam-demo', 'catkin_cmake_args': None, 'catkin_skip_building_tests': False, 'cmake_args': None, 'cmake_clean_cache': False, 'cmake_clean_first': False, 'cmake_force_configure': False, 'cmake_target': None, 'cmake_target_skip_unavailable': False, 'install_base': '/home/leanh/devMachine2/ros2-dev/install/robot-slam-demo', 'merge_install': False, 'path': '/home/leanh/devMachine2/ros2-dev/src/robot-slam-demo', 'symlink_install': False, 'test_result_base': None}
[0.544s] INFO:colcon.colcon_core.executor:Executing jobs using 'parallel' executor
[0.545s] DEBUG:colcon.colcon_parallel_executor.executor.parallel:run_until_complete
[0.546s] INFO:colcon.colcon_ros.task.ament_cmake.build:Building ROS package in '/home/leanh/devMachine2/ros2-dev/src/nav2_demo' with build type 'ament_cmake'
[0.546s] INFO:colcon.colcon_cmake.task.cmake.build:Building CMake package in '/home/leanh/devMachine2/ros2-dev/src/nav2_demo'
[0.548s] INFO:colcon.colcon_core.plugin_system:Skipping extension 'colcon_core.shell.bat': Not used on non-Windows systems
[0.548s] INFO:colcon.colcon_core.shell:Skip shell extension 'powershell' for command environment: Not usable outside of PowerShell
[0.548s] DEBUG:colcon.colcon_core.shell:Skip shell extension 'dsv' for command environment
[0.557s] INFO:colcon.colcon_ros.task.ament_cmake.build:Building ROS package in '/home/leanh/devMachine2/ros2-dev/src/robot-slam-demo' with build type 'ament_cmake'
[0.557s] INFO:colcon.colcon_cmake.task.cmake.build:Building CMake package in '/home/leanh/devMachine2/ros2-dev/src/robot-slam-demo'
[0.557s] INFO:colcon.colcon_core.shell:Skip shell extension 'powershell' for command environment: Not usable outside of PowerShell
[0.558s] DEBUG:colcon.colcon_core.shell:Skip shell extension 'dsv' for command environment
[0.581s] DEBUG:colcon.colcon_core.event_handler.log_command:Invoking command in '/home/leanh/devMachine2/ros2-dev/build/nav2_demo': CMAKE_PREFIX_PATH=${CMAKE_PREFIX_PATH}:/opt/ros/galactic /usr/bin/cmake --build /home/leanh/devMachine2/ros2-dev/build/nav2_demo -- -j16 -l16
[0.593s] DEBUG:colcon.colcon_core.event_handler.log_command:Invoking command in '/home/leanh/devMachine2/ros2-dev/build/robot-slam-demo': CMAKE_PREFIX_PATH=${CMAKE_PREFIX_PATH}:/opt/ros/galactic /usr/bin/cmake --build /home/leanh/devMachine2/ros2-dev/build/robot-slam-demo -- -j16 -l16
[0.638s] DEBUG:colcon.colcon_core.event_handler.log_command:Invoked command in '/home/leanh/devMachine2/ros2-dev/build/nav2_demo' returned '0': CMAKE_PREFIX_PATH=${CMAKE_PREFIX_PATH}:/opt/ros/galactic /usr/bin/cmake --build /home/leanh/devMachine2/ros2-dev/build/nav2_demo -- -j16 -l16
[0.652s] DEBUG:colcon.colcon_core.event_handler.log_command:Invoked command in '/home/leanh/devMachine2/ros2-dev/build/robot-slam-demo' returned '0': CMAKE_PREFIX_PATH=${CMAKE_PREFIX_PATH}:/opt/ros/galactic /usr/bin/cmake --build /home/leanh/devMachine2/ros2-dev/build/robot-slam-demo -- -j16 -l16
[0.707s] DEBUG:colcon.colcon_core.event_handler.log_command:Invoking command in '/home/leanh/devMachine2/ros2-dev/build/nav2_demo': CMAKE_PREFIX_PATH=${CMAKE_PREFIX_PATH}:/opt/ros/galactic /usr/bin/cmake --install /home/leanh/devMachine2/ros2-dev/build/nav2_demo
[0.718s] DEBUG:colcon.colcon_core.event_handler.log_command:Invoking command in '/home/leanh/devMachine2/ros2-dev/build/robot-slam-demo': CMAKE_PREFIX_PATH=${CMAKE_PREFIX_PATH}:/opt/ros/galactic /usr/bin/cmake --install /home/leanh/devMachine2/ros2-dev/build/robot-slam-demo
[0.724s] Level 1:colcon.colcon_core.environment:create_environment_scripts_only(nav2_demo)
[0.725s] DEBUG:colcon.colcon_core.event_handler.log_command:Invoked command in '/home/leanh/devMachine2/ros2-dev/build/nav2_demo' returned '0': CMAKE_PREFIX_PATH=${CMAKE_PREFIX_PATH}:/opt/ros/galactic /usr/bin/cmake --install /home/leanh/devMachine2/ros2-dev/build/nav2_demo
[0.729s] Level 1:colcon.colcon_core.environment:checking '/home/leanh/devMachine2/ros2-dev/install/nav2_demo' for CMake module files
[0.730s] Level 1:colcon.colcon_core.environment:checking '/home/leanh/devMachine2/ros2-dev/install/nav2_demo' for CMake config files
[0.730s] Level 1:colcon.colcon_core.shell:create_environment_hook('nav2_demo', 'cmake_prefix_path')
[0.731s] INFO:colcon.colcon_core.shell:Creating environment hook '/home/leanh/devMachine2/ros2-dev/install/nav2_demo/share/nav2_demo/hook/cmake_prefix_path.ps1'
[0.731s] INFO:colcon.colcon_core.shell:Creating environment descriptor '/home/leanh/devMachine2/ros2-dev/install/nav2_demo/share/nav2_demo/hook/cmake_prefix_path.dsv'
[0.732s] INFO:colcon.colcon_core.shell:Creating environment hook '/home/leanh/devMachine2/ros2-dev/install/nav2_demo/share/nav2_demo/hook/cmake_prefix_path.sh'
[0.734s] Level 1:colcon.colcon_core.environment:checking '/home/leanh/devMachine2/ros2-dev/install/nav2_demo/bin'
[0.734s] Level 1:colcon.colcon_core.environment:checking '/home/leanh/devMachine2/ros2-dev/install/nav2_demo/lib/pkgconfig/nav2_demo.pc'
[0.734s] Level 1:colcon.colcon_core.environment:checking '/home/leanh/devMachine2/ros2-dev/install/nav2_demo/lib/python3.8/site-packages'
[0.734s] Level 1:colcon.colcon_core.environment:checking '/home/leanh/devMachine2/ros2-dev/install/nav2_demo/bin'
[0.735s] INFO:colcon.colcon_core.shell:Creating package script '/home/leanh/devMachine2/ros2-dev/install/nav2_demo/share/nav2_demo/package.ps1'
[0.736s] INFO:colcon.colcon_core.shell:Creating package descriptor '/home/leanh/devMachine2/ros2-dev/install/nav2_demo/share/nav2_demo/package.dsv'
[0.738s] INFO:colcon.colcon_core.shell:Creating package script '/home/leanh/devMachine2/ros2-dev/install/nav2_demo/share/nav2_demo/package.sh'
[0.739s] INFO:colcon.colcon_core.shell:Creating package script '/home/leanh/devMachine2/ros2-dev/install/nav2_demo/share/nav2_demo/package.bash'
[0.740s] INFO:colcon.colcon_core.shell:Creating package script '/home/leanh/devMachine2/ros2-dev/install/nav2_demo/share/nav2_demo/package.zsh'
[0.741s] Level 1:colcon.colcon_core.environment:create_file_with_runtime_dependencies(/home/leanh/devMachine2/ros2-dev/install/nav2_demo/share/colcon-core/packages/nav2_demo)
[0.748s] Level 1:colcon.colcon_core.environment:create_environment_scripts_only(robot-slam-demo)
[0.749s] Level 1:colcon.colcon_core.environment:checking '/home/leanh/devMachine2/ros2-dev/install/robot-slam-demo' for CMake module files
[0.750s] DEBUG:colcon.colcon_core.event_handler.log_command:Invoked command in '/home/leanh/devMachine2/ros2-dev/build/robot-slam-demo' returned '0': CMAKE_PREFIX_PATH=${CMAKE_PREFIX_PATH}:/opt/ros/galactic /usr/bin/cmake --install /home/leanh/devMachine2/ros2-dev/build/robot-slam-demo
[0.750s] Level 1:colcon.colcon_core.environment:checking '/home/leanh/devMachine2/ros2-dev/install/robot-slam-demo' for CMake config files
[0.750s] Level 1:colcon.colcon_core.shell:create_environment_hook('robot-slam-demo', 'cmake_prefix_path')
[0.750s] INFO:colcon.colcon_core.shell:Creating environment hook '/home/leanh/devMachine2/ros2-dev/install/robot-slam-demo/share/robot-slam-demo/hook/cmake_prefix_path.ps1'
[0.751s] INFO:colcon.colcon_core.shell:Creating environment descriptor '/home/leanh/devMachine2/ros2-dev/install/robot-slam-demo/share/robot-slam-demo/hook/cmake_prefix_path.dsv'
[0.751s] INFO:colcon.colcon_core.shell:Creating environment hook '/home/leanh/devMachine2/ros2-dev/install/robot-slam-demo/share/robot-slam-demo/hook/cmake_prefix_path.sh'
[0.752s] Level 1:colcon.colcon_core.environment:checking '/home/leanh/devMachine2/ros2-dev/install/robot-slam-demo/bin'
[0.752s] Level 1:colcon.colcon_core.environment:checking '/home/leanh/devMachine2/ros2-dev/install/robot-slam-demo/lib/pkgconfig/robot-slam-demo.pc'
[0.752s] Level 1:colcon.colcon_core.environment:checking '/home/leanh/devMachine2/ros2-dev/install/robot-slam-demo/lib/python3.8/site-packages'
[0.752s] Level 1:colcon.colcon_core.environment:checking '/home/leanh/devMachine2/ros2-dev/install/robot-slam-demo/bin'
[0.752s] INFO:colcon.colcon_core.shell:Creating package script '/home/leanh/devMachine2/ros2-dev/install/robot-slam-demo/share/robot-slam-demo/package.ps1'
[0.753s] INFO:colcon.colcon_core.shell:Creating package descriptor '/home/leanh/devMachine2/ros2-dev/install/robot-slam-demo/share/robot-slam-demo/package.dsv'
[0.753s] INFO:colcon.colcon_core.shell:Creating package script '/home/leanh/devMachine2/ros2-dev/install/robot-slam-demo/share/robot-slam-demo/package.sh'
[0.754s] INFO:colcon.colcon_core.shell:Creating package script '/home/leanh/devMachine2/ros2-dev/install/robot-slam-demo/share/robot-slam-demo/package.bash'
[0.754s] INFO:colcon.colcon_core.shell:Creating package script '/home/leanh/devMachine2/ros2-dev/install/robot-slam-demo/share/robot-slam-demo/package.zsh'
[0.754s] Level 1:colcon.colcon_core.environment:create_file_with_runtime_dependencies(/home/leanh/devMachine2/ros2-dev/install/robot-slam-demo/share/colcon-core/packages/robot-slam-demo)
[0.787s] Level 1:colcon.colcon_core.environment:create_environment_scripts_only(nav2_demo)
[0.787s] Level 1:colcon.colcon_core.environment:checking '/home/leanh/devMachine2/ros2-dev/install/nav2_demo' for CMake module files
[0.788s] Level 1:colcon.colcon_core.environment:checking '/home/leanh/devMachine2/ros2-dev/install/nav2_demo' for CMake config files
[0.789s] Level 1:colcon.colcon_core.shell:create_environment_hook('nav2_demo', 'cmake_prefix_path')
[0.789s] INFO:colcon.colcon_core.shell:Creating environment hook '/home/leanh/devMachine2/ros2-dev/install/nav2_demo/share/nav2_demo/hook/cmake_prefix_path.ps1'
[0.790s] INFO:colcon.colcon_core.shell:Creating environment descriptor '/home/leanh/devMachine2/ros2-dev/install/nav2_demo/share/nav2_demo/hook/cmake_prefix_path.dsv'
[0.791s] INFO:colcon.colcon_core.shell:Creating environment hook '/home/leanh/devMachine2/ros2-dev/install/nav2_demo/share/nav2_demo/hook/cmake_prefix_path.sh'
[0.793s] Level 1:colcon.colcon_core.environment:checking '/home/leanh/devMachine2/ros2-dev/install/nav2_demo/bin'
[0.793s] Level 1:colcon.colcon_core.environment:checking '/home/leanh/devMachine2/ros2-dev/install/nav2_demo/lib/pkgconfig/nav2_demo.pc'
[0.793s] Level 1:colcon.colcon_core.environment:checking '/home/leanh/devMachine2/ros2-dev/install/nav2_demo/lib/python3.8/site-packages'
[0.794s] Level 1:colcon.colcon_core.environment:checking '/home/leanh/devMachine2/ros2-dev/install/nav2_demo/bin'
[0.794s] INFO:colcon.colcon_core.shell:Creating package script '/home/leanh/devMachine2/ros2-dev/install/nav2_demo/share/nav2_demo/package.ps1'
[0.795s] INFO:colcon.colcon_core.shell:Creating package descriptor '/home/leanh/devMachine2/ros2-dev/install/nav2_demo/share/nav2_demo/package.dsv'
[0.796s] INFO:colcon.colcon_core.shell:Creating package script '/home/leanh/devMachine2/ros2-dev/install/nav2_demo/share/nav2_demo/package.sh'
[0.796s] INFO:colcon.colcon_core.shell:Creating package script '/home/leanh/devMachine2/ros2-dev/install/nav2_demo/share/nav2_demo/package.bash'
[0.797s] INFO:colcon.colcon_core.shell:Creating package script '/home/leanh/devMachine2/ros2-dev/install/nav2_demo/share/nav2_demo/package.zsh'
[0.797s] Level 1:colcon.colcon_core.environment:create_file_with_runtime_dependencies(/home/leanh/devMachine2/ros2-dev/install/nav2_demo/share/colcon-core/packages/nav2_demo)
[0.799s] Level 1:colcon.colcon_core.environment:create_environment_scripts_only(robot-slam-demo)
[0.800s] Level 1:colcon.colcon_core.environment:checking '/home/leanh/devMachine2/ros2-dev/install/robot-slam-demo' for CMake module files
[0.801s] Level 1:colcon.colcon_core.environment:checking '/home/leanh/devMachine2/ros2-dev/install/robot-slam-demo' for CMake config files
[0.802s] Level 1:colcon.colcon_core.shell:create_environment_hook('robot-slam-demo', 'cmake_prefix_path')
[0.802s] INFO:colcon.colcon_core.shell:Creating environment hook '/home/leanh/devMachine2/ros2-dev/install/robot-slam-demo/share/robot-slam-demo/hook/cmake_prefix_path.ps1'
[0.803s] INFO:colcon.colcon_core.shell:Creating environment descriptor '/home/leanh/devMachine2/ros2-dev/install/robot-slam-demo/share/robot-slam-demo/hook/cmake_prefix_path.dsv'
[0.803s] INFO:colcon.colcon_core.shell:Creating environment hook '/home/leanh/devMachine2/ros2-dev/install/robot-slam-demo/share/robot-slam-demo/hook/cmake_prefix_path.sh'
[0.804s] Level 1:colcon.colcon_core.environment:checking '/home/leanh/devMachine2/ros2-dev/install/robot-slam-demo/bin'
[0.804s] Level 1:colcon.colcon_core.environment:checking '/home/leanh/devMachine2/ros2-dev/install/robot-slam-demo/lib/pkgconfig/robot-slam-demo.pc'
[0.805s] Level 1:colcon.colcon_core.environment:checking '/home/leanh/devMachine2/ros2-dev/install/robot-slam-demo/lib/python3.8/site-packages'
[0.805s] Level 1:colcon.colcon_core.environment:checking '/home/leanh/devMachine2/ros2-dev/install/robot-slam-demo/bin'
[0.806s] INFO:colcon.colcon_core.shell:Creating package script '/home/leanh/devMachine2/ros2-dev/install/robot-slam-demo/share/robot-slam-demo/package.ps1'
[0.807s] INFO:colcon.colcon_core.shell:Creating package descriptor '/home/leanh/devMachine2/ros2-dev/install/robot-slam-demo/share/robot-slam-demo/package.dsv'
[0.808s] INFO:colcon.colcon_core.shell:Creating package script '/home/leanh/devMachine2/ros2-dev/install/robot-slam-demo/share/robot-slam-demo/package.sh'
[0.808s] INFO:colcon.colcon_core.shell:Creating package script '/home/leanh/devMachine2/ros2-dev/install/robot-slam-demo/share/robot-slam-demo/package.bash'
[0.809s] INFO:colcon.colcon_core.shell:Creating package script '/home/leanh/devMachine2/ros2-dev/install/robot-slam-demo/share/robot-slam-demo/package.zsh'
[0.810s] Level 1:colcon.colcon_core.environment:create_file_with_runtime_dependencies(/home/leanh/devMachine2/ros2-dev/install/robot-slam-demo/share/colcon-core/packages/robot-slam-demo)
[0.810s] DEBUG:colcon.colcon_parallel_executor.executor.parallel:closing loop
[0.811s] DEBUG:colcon.colcon_parallel_executor.executor.parallel:loop closed
[0.811s] DEBUG:colcon.colcon_parallel_executor.executor.parallel:run_until_complete finished with '0'
[0.811s] DEBUG:colcon.colcon_core.event_reactor:joining thread
[0.822s] INFO:colcon.colcon_core.plugin_system:Skipping extension 'colcon_notification.desktop_notification.terminal_notifier': Not used on non-Darwin systems
[0.822s] INFO:colcon.colcon_core.plugin_system:Skipping extension 'colcon_notification.desktop_notification.win32': Not used on non-Windows systems
[0.822s] INFO:colcon.colcon_notification.desktop_notification:Sending desktop notification using 'notify2'
[0.848s] DEBUG:colcon.colcon_core.event_reactor:joined thread
[0.849s] INFO:colcon.colcon_core.shell:Creating prefix script '/home/leanh/devMachine2/ros2-dev/install/local_setup.ps1'
[0.850s] INFO:colcon.colcon_core.shell:Creating prefix util module '/home/leanh/devMachine2/ros2-dev/install/_local_setup_util_ps1.py'
[0.853s] INFO:colcon.colcon_core.shell:Creating prefix chain script '/home/leanh/devMachine2/ros2-dev/install/setup.ps1'
[0.855s] INFO:colcon.colcon_core.shell:Creating prefix script '/home/leanh/devMachine2/ros2-dev/install/local_setup.sh'
[0.856s] INFO:colcon.colcon_core.shell:Creating prefix util module '/home/leanh/devMachine2/ros2-dev/install/_local_setup_util_sh.py'
[0.857s] INFO:colcon.colcon_core.shell:Creating prefix chain script '/home/leanh/devMachine2/ros2-dev/install/setup.sh'
[0.858s] INFO:colcon.colcon_core.shell:Creating prefix script '/home/leanh/devMachine2/ros2-dev/install/local_setup.bash'
[0.859s] INFO:colcon.colcon_core.shell:Creating prefix chain script '/home/leanh/devMachine2/ros2-dev/install/setup.bash'
[0.861s] INFO:colcon.colcon_core.shell:Creating prefix script '/home/leanh/devMachine2/ros2-dev/install/local_setup.zsh'
[0.862s] INFO:colcon.colcon_core.shell:Creating prefix chain script '/home/leanh/devMachine2/ros2-dev/install/setup.zsh'
