[0.256s] DEBUG:colcon:Command line arguments: ['/usr/bin/colcon', 'build']
[0.256s] DEBUG:colcon:Parsed command line arguments: Namespace(allow_overriding=[], ament_cmake_args=None, base_paths=['.'], build_base='build', catkin_cmake_args=None, catkin_skip_building_tests=False, cmake_args=None, cmake_clean_cache=False, cmake_clean_first=False, cmake_force_configure=False, cmake_target=None, cmake_target_skip_unavailable=False, continue_on_error=False, event_handlers=None, executor='parallel', ignore_user_meta=False, install_base='install', log_base=None, log_level=None, main=<bound method BuildVerb.main of <colcon_core.verb.build.BuildVerb object at 0x7fc66108c670>>, merge_install=False, metas=['./colcon.meta'], mixin=None, mixin_files=None, mixin_verb=('build',), packages_above=None, packages_above_and_dependencies=None, packages_above_depth=None, packages_end=None, packages_ignore=None, packages_ignore_regex=None, packages_select=None, packages_select_build_failed=False, packages_select_by_dep=None, packages_select_regex=None, packages_select_test_failures=False, packages_skip=None, packages_skip_build_finished=False, packages_skip_by_dep=None, packages_skip_regex=None, packages_skip_test_passed=False, packages_skip_up_to=None, packages_start=None, packages_up_to=None, packages_up_to_regex=None, parallel_workers=16, paths=None, symlink_install=False, test_result_base=None, verb_extension=<colcon_core.verb.build.BuildVerb object at 0x7fc66108c670>, verb_name='build', verb_parser=<colcon_mixin.mixin.mixin_argument.MixinArgumentDecorator object at 0x7fc660fb45e0>)
[0.486s] Level 1:colcon.colcon_core.package_discovery:discover_packages(colcon_meta) check parameters
[0.486s] Level 1:colcon.colcon_core.package_discovery:discover_packages(recursive) check parameters
[0.486s] Level 1:colcon.colcon_core.package_discovery:discover_packages(ignore) check parameters
[0.486s] Level 1:colcon.colcon_core.package_discovery:discover_packages(path) check parameters
[0.486s] Level 1:colcon.colcon_core.package_discovery:discover_packages(colcon_meta) discover
[0.486s] Level 1:colcon.colcon_core.package_discovery:discover_packages(recursive) discover
[0.486s] INFO:colcon.colcon_core.package_discovery:Crawling recursively for packages in '/home/leanh/devMachine2/ros2-dev'
[0.487s] Level 1:colcon.colcon_core.package_identification:_identify(.) by extensions ['ignore', 'ignore_ament_install']
[0.487s] Level 1:colcon.colcon_core.package_identification:_identify(.) by extension 'ignore'
[0.487s] Level 1:colcon.colcon_core.package_identification:_identify(.) by extension 'ignore_ament_install'
[0.487s] Level 1:colcon.colcon_core.package_identification:_identify(.) by extensions ['colcon_pkg']
[0.487s] Level 1:colcon.colcon_core.package_identification:_identify(.) by extension 'colcon_pkg'
[0.487s] Level 1:colcon.colcon_core.package_identification:_identify(.) by extensions ['colcon_meta']
[0.487s] Level 1:colcon.colcon_core.package_identification:_identify(.) by extension 'colcon_meta'
[0.487s] Level 1:colcon.colcon_core.package_identification:_identify(.) by extensions ['ros']
[0.487s] Level 1:colcon.colcon_core.package_identification:_identify(.) by extension 'ros'
[0.506s] Level 1:colcon.colcon_core.package_identification:_identify(.) by extensions ['cmake', 'python']
[0.506s] Level 1:colcon.colcon_core.package_identification:_identify(.) by extension 'cmake'
[0.506s] Level 1:colcon.colcon_core.package_identification:_identify(.) by extension 'python'
[0.506s] Level 1:colcon.colcon_core.package_identification:_identify(.) by extensions ['python_setup_py']
[0.506s] Level 1:colcon.colcon_core.package_identification:_identify(.) by extension 'python_setup_py'
[0.506s] Level 1:colcon.colcon_core.package_identification:_identify(build) by extensions ['ignore', 'ignore_ament_install']
[0.507s] Level 1:colcon.colcon_core.package_identification:_identify(build) by extension 'ignore'
[0.507s] Level 1:colcon.colcon_core.package_identification:_identify(build) ignored
[0.507s] Level 1:colcon.colcon_core.package_identification:_identify(install) by extensions ['ignore', 'ignore_ament_install']
[0.507s] Level 1:colcon.colcon_core.package_identification:_identify(install) by extension 'ignore'
[0.507s] Level 1:colcon.colcon_core.package_identification:_identify(install) ignored
[0.507s] Level 1:colcon.colcon_core.package_identification:_identify(log) by extensions ['ignore', 'ignore_ament_install']
[0.507s] Level 1:colcon.colcon_core.package_identification:_identify(log) by extension 'ignore'
[0.507s] Level 1:colcon.colcon_core.package_identification:_identify(log) ignored
[0.507s] Level 1:colcon.colcon_core.package_identification:_identify(src) by extensions ['ignore', 'ignore_ament_install']
[0.508s] Level 1:colcon.colcon_core.package_identification:_identify(src) by extension 'ignore'
[0.508s] Level 1:colcon.colcon_core.package_identification:_identify(src) by extension 'ignore_ament_install'
[0.508s] Level 1:colcon.colcon_core.package_identification:_identify(src) by extensions ['colcon_pkg']
[0.508s] Level 1:colcon.colcon_core.package_identification:_identify(src) by extension 'colcon_pkg'
[0.508s] Level 1:colcon.colcon_core.package_identification:_identify(src) by extensions ['colcon_meta']
[0.508s] Level 1:colcon.colcon_core.package_identification:_identify(src) by extension 'colcon_meta'
[0.508s] Level 1:colcon.colcon_core.package_identification:_identify(src) by extensions ['ros']
[0.508s] Level 1:colcon.colcon_core.package_identification:_identify(src) by extension 'ros'
[0.508s] Level 1:colcon.colcon_core.package_identification:_identify(src) by extensions ['cmake', 'python']
[0.508s] Level 1:colcon.colcon_core.package_identification:_identify(src) by extension 'cmake'
[0.508s] Level 1:colcon.colcon_core.package_identification:_identify(src) by extension 'python'
[0.508s] Level 1:colcon.colcon_core.package_identification:_identify(src) by extensions ['python_setup_py']
[0.508s] Level 1:colcon.colcon_core.package_identification:_identify(src) by extension 'python_setup_py'
[0.508s] Level 1:colcon.colcon_core.package_identification:_identify(src/nav2_demo) by extensions ['ignore', 'ignore_ament_install']
[0.508s] Level 1:colcon.colcon_core.package_identification:_identify(src/nav2_demo) by extension 'ignore'
[0.508s] Level 1:colcon.colcon_core.package_identification:_identify(src/nav2_demo) by extension 'ignore_ament_install'
[0.508s] Level 1:colcon.colcon_core.package_identification:_identify(src/nav2_demo) by extensions ['colcon_pkg']
[0.508s] Level 1:colcon.colcon_core.package_identification:_identify(src/nav2_demo) by extension 'colcon_pkg'
[0.508s] Level 1:colcon.colcon_core.package_identification:_identify(src/nav2_demo) by extensions ['colcon_meta']
[0.508s] Level 1:colcon.colcon_core.package_identification:_identify(src/nav2_demo) by extension 'colcon_meta'
[0.508s] Level 1:colcon.colcon_core.package_identification:_identify(src/nav2_demo) by extensions ['ros']
[0.508s] Level 1:colcon.colcon_core.package_identification:_identify(src/nav2_demo) by extension 'ros'
[0.511s] DEBUG:colcon.colcon_core.package_identification:Package 'src/nav2_demo' with type 'ros.ament_cmake' and name 'nav2_demo'
[0.511s] Level 1:colcon.colcon_core.package_identification:_identify(src/robot-slam-demo) by extensions ['ignore', 'ignore_ament_install']
[0.511s] Level 1:colcon.colcon_core.package_identification:_identify(src/robot-slam-demo) by extension 'ignore'
[0.511s] Level 1:colcon.colcon_core.package_identification:_identify(src/robot-slam-demo) by extension 'ignore_ament_install'
[0.511s] Level 1:colcon.colcon_core.package_identification:_identify(src/robot-slam-demo) by extensions ['colcon_pkg']
[0.511s] Level 1:colcon.colcon_core.package_identification:_identify(src/robot-slam-demo) by extension 'colcon_pkg'
[0.511s] Level 1:colcon.colcon_core.package_identification:_identify(src/robot-slam-demo) by extensions ['colcon_meta']
[0.511s] Level 1:colcon.colcon_core.package_identification:_identify(src/robot-slam-demo) by extension 'colcon_meta'
[0.511s] Level 1:colcon.colcon_core.package_identification:_identify(src/robot-slam-demo) by extensions ['ros']
[0.511s] Level 1:colcon.colcon_core.package_identification:_identify(src/robot-slam-demo) by extension 'ros'
[0.512s] DEBUG:colcon.colcon_core.package_identification:Package 'src/robot-slam-demo' with type 'ros.ament_cmake' and name 'robot-slam-demo'
[0.512s] Level 1:colcon.colcon_core.package_discovery:discover_packages(recursive) using defaults
[0.512s] Level 1:colcon.colcon_core.package_discovery:discover_packages(ignore) discover
[0.512s] Level 1:colcon.colcon_core.package_discovery:discover_packages(ignore) using defaults
[0.512s] Level 1:colcon.colcon_core.package_discovery:discover_packages(path) discover
[0.512s] Level 1:colcon.colcon_core.package_discovery:discover_packages(path) using defaults
[0.532s] Level 1:colcon.colcon_core.package_discovery:discover_packages(prefix_path) check parameters
[0.532s] Level 1:colcon.colcon_core.package_discovery:discover_packages(prefix_path) discover
[0.533s] DEBUG:colcon.colcon_installed_package_information.package_discovery:Found 2 installed packages in /home/leanh/devMachine2/ros2-dev/install
[0.535s] DEBUG:colcon.colcon_installed_package_information.package_discovery:Found 322 installed packages in /opt/ros/galactic
[0.537s] Level 1:colcon.colcon_core.package_discovery:discover_packages(prefix_path) using defaults
[0.592s] Level 5:colcon.colcon_core.verb:set package 'nav2_demo' build argument 'cmake_args' from command line to 'None'
[0.592s] Level 5:colcon.colcon_core.verb:set package 'nav2_demo' build argument 'cmake_target' from command line to 'None'
[0.592s] Level 5:colcon.colcon_core.verb:set package 'nav2_demo' build argument 'cmake_target_skip_unavailable' from command line to 'False'
[0.592s] Level 5:colcon.colcon_core.verb:set package 'nav2_demo' build argument 'cmake_clean_cache' from command line to 'False'
[0.593s] Level 5:colcon.colcon_core.verb:set package 'nav2_demo' build argument 'cmake_clean_first' from command line to 'False'
[0.593s] Level 5:colcon.colcon_core.verb:set package 'nav2_demo' build argument 'cmake_force_configure' from command line to 'False'
[0.593s] Level 5:colcon.colcon_core.verb:set package 'nav2_demo' build argument 'ament_cmake_args' from command line to 'None'
[0.593s] Level 5:colcon.colcon_core.verb:set package 'nav2_demo' build argument 'catkin_cmake_args' from command line to 'None'
[0.593s] Level 5:colcon.colcon_core.verb:set package 'nav2_demo' build argument 'catkin_skip_building_tests' from command line to 'False'
[0.593s] DEBUG:colcon.colcon_core.verb:Building package 'nav2_demo' with the following arguments: {'ament_cmake_args': None, 'build_base': '/home/leanh/devMachine2/ros2-dev/build/nav2_demo', 'catkin_cmake_args': None, 'catkin_skip_building_tests': False, 'cmake_args': None, 'cmake_clean_cache': False, 'cmake_clean_first': False, 'cmake_force_configure': False, 'cmake_target': None, 'cmake_target_skip_unavailable': False, 'install_base': '/home/leanh/devMachine2/ros2-dev/install/nav2_demo', 'merge_install': False, 'path': '/home/leanh/devMachine2/ros2-dev/src/nav2_demo', 'symlink_install': False, 'test_result_base': None}
[0.594s] Level 5:colcon.colcon_core.verb:set package 'robot-slam-demo' build argument 'cmake_args' from command line to 'None'
[0.594s] Level 5:colcon.colcon_core.verb:set package 'robot-slam-demo' build argument 'cmake_target' from command line to 'None'
[0.594s] Level 5:colcon.colcon_core.verb:set package 'robot-slam-demo' build argument 'cmake_target_skip_unavailable' from command line to 'False'
[0.594s] Level 5:colcon.colcon_core.verb:set package 'robot-slam-demo' build argument 'cmake_clean_cache' from command line to 'False'
[0.594s] Level 5:colcon.colcon_core.verb:set package 'robot-slam-demo' build argument 'cmake_clean_first' from command line to 'False'
[0.594s] Level 5:colcon.colcon_core.verb:set package 'robot-slam-demo' build argument 'cmake_force_configure' from command line to 'False'
[0.594s] Level 5:colcon.colcon_core.verb:set package 'robot-slam-demo' build argument 'ament_cmake_args' from command line to 'None'
[0.594s] Level 5:colcon.colcon_core.verb:set package 'robot-slam-demo' build argument 'catkin_cmake_args' from command line to 'None'
[0.594s] Level 5:colcon.colcon_core.verb:set package 'robot-slam-demo' build argument 'catkin_skip_building_tests' from command line to 'False'
[0.594s] DEBUG:colcon.colcon_core.verb:Building package 'robot-slam-demo' with the following arguments: {'ament_cmake_args': None, 'build_base': '/home/leanh/devMachine2/ros2-dev/build/robot-slam-demo', 'catkin_cmake_args': None, 'catkin_skip_building_tests': False, 'cmake_args': None, 'cmake_clean_cache': False, 'cmake_clean_first': False, 'cmake_force_configure': False, 'cmake_target': None, 'cmake_target_skip_unavailable': False, 'install_base': '/home/leanh/devMachine2/ros2-dev/install/robot-slam-demo', 'merge_install': False, 'path': '/home/leanh/devMachine2/ros2-dev/src/robot-slam-demo', 'symlink_install': False, 'test_result_base': None}
[0.594s] INFO:colcon.colcon_core.executor:Executing jobs using 'parallel' executor
[0.596s] DEBUG:colcon.colcon_parallel_executor.executor.parallel:run_until_complete
[0.597s] INFO:colcon.colcon_ros.task.ament_cmake.build:Building ROS package in '/home/leanh/devMachine2/ros2-dev/src/nav2_demo' with build type 'ament_cmake'
[0.597s] INFO:colcon.colcon_cmake.task.cmake.build:Building CMake package in '/home/leanh/devMachine2/ros2-dev/src/nav2_demo'
[0.600s] INFO:colcon.colcon_core.plugin_system:Skipping extension 'colcon_core.shell.bat': Not used on non-Windows systems
[0.601s] INFO:colcon.colcon_core.shell:Skip shell extension 'powershell' for command environment: Not usable outside of PowerShell
[0.601s] DEBUG:colcon.colcon_core.shell:Skip shell extension 'dsv' for command environment
[0.612s] INFO:colcon.colcon_ros.task.ament_cmake.build:Building ROS package in '/home/leanh/devMachine2/ros2-dev/src/robot-slam-demo' with build type 'ament_cmake'
[0.612s] INFO:colcon.colcon_cmake.task.cmake.build:Building CMake package in '/home/leanh/devMachine2/ros2-dev/src/robot-slam-demo'
[0.613s] INFO:colcon.colcon_core.shell:Skip shell extension 'powershell' for command environment: Not usable outside of PowerShell
[0.613s] DEBUG:colcon.colcon_core.shell:Skip shell extension 'dsv' for command environment
[0.636s] DEBUG:colcon.colcon_core.event_handler.log_command:Invoking command in '/home/leanh/devMachine2/ros2-dev/build/nav2_demo': CMAKE_PREFIX_PATH=${CMAKE_PREFIX_PATH}:/opt/ros/galactic /usr/bin/cmake --build /home/leanh/devMachine2/ros2-dev/build/nav2_demo -- -j16 -l16
[0.648s] DEBUG:colcon.colcon_core.event_handler.log_command:Invoking command in '/home/leanh/devMachine2/ros2-dev/build/robot-slam-demo': CMAKE_PREFIX_PATH=${CMAKE_PREFIX_PATH}:/opt/ros/galactic /usr/bin/cmake --build /home/leanh/devMachine2/ros2-dev/build/robot-slam-demo -- -j16 -l16
[0.695s] DEBUG:colcon.colcon_core.event_handler.log_command:Invoked command in '/home/leanh/devMachine2/ros2-dev/build/nav2_demo' returned '0': CMAKE_PREFIX_PATH=${CMAKE_PREFIX_PATH}:/opt/ros/galactic /usr/bin/cmake --build /home/leanh/devMachine2/ros2-dev/build/nav2_demo -- -j16 -l16
[0.714s] DEBUG:colcon.colcon_core.event_handler.log_command:Invoked command in '/home/leanh/devMachine2/ros2-dev/build/robot-slam-demo' returned '0': CMAKE_PREFIX_PATH=${CMAKE_PREFIX_PATH}:/opt/ros/galactic /usr/bin/cmake --build /home/leanh/devMachine2/ros2-dev/build/robot-slam-demo -- -j16 -l16
[0.769s] DEBUG:colcon.colcon_core.event_handler.log_command:Invoking command in '/home/leanh/devMachine2/ros2-dev/build/nav2_demo': CMAKE_PREFIX_PATH=${CMAKE_PREFIX_PATH}:/opt/ros/galactic /usr/bin/cmake --install /home/leanh/devMachine2/ros2-dev/build/nav2_demo
[0.779s] DEBUG:colcon.colcon_core.event_handler.log_command:Invoking command in '/home/leanh/devMachine2/ros2-dev/build/robot-slam-demo': CMAKE_PREFIX_PATH=${CMAKE_PREFIX_PATH}:/opt/ros/galactic /usr/bin/cmake --install /home/leanh/devMachine2/ros2-dev/build/robot-slam-demo
[0.787s] Level 1:colcon.colcon_core.environment:create_environment_scripts_only(nav2_demo)
[0.789s] DEBUG:colcon.colcon_core.event_handler.log_command:Invoked command in '/home/leanh/devMachine2/ros2-dev/build/nav2_demo' returned '0': CMAKE_PREFIX_PATH=${CMAKE_PREFIX_PATH}:/opt/ros/galactic /usr/bin/cmake --install /home/leanh/devMachine2/ros2-dev/build/nav2_demo
[0.791s] Level 1:colcon.colcon_core.environment:checking '/home/leanh/devMachine2/ros2-dev/install/nav2_demo' for CMake module files
[0.791s] Level 1:colcon.colcon_core.environment:checking '/home/leanh/devMachine2/ros2-dev/install/nav2_demo' for CMake config files
[0.791s] Level 1:colcon.colcon_core.shell:create_environment_hook('nav2_demo', 'cmake_prefix_path')
[0.791s] INFO:colcon.colcon_core.shell:Creating environment hook '/home/leanh/devMachine2/ros2-dev/install/nav2_demo/share/nav2_demo/hook/cmake_prefix_path.ps1'
[0.793s] INFO:colcon.colcon_core.shell:Creating environment descriptor '/home/leanh/devMachine2/ros2-dev/install/nav2_demo/share/nav2_demo/hook/cmake_prefix_path.dsv'
[0.796s] INFO:colcon.colcon_core.shell:Creating environment hook '/home/leanh/devMachine2/ros2-dev/install/nav2_demo/share/nav2_demo/hook/cmake_prefix_path.sh'
[0.799s] Level 1:colcon.colcon_core.environment:checking '/home/leanh/devMachine2/ros2-dev/install/nav2_demo/bin'
[0.799s] Level 1:colcon.colcon_core.environment:checking '/home/leanh/devMachine2/ros2-dev/install/nav2_demo/lib/pkgconfig/nav2_demo.pc'
[0.800s] Level 1:colcon.colcon_core.environment:checking '/home/leanh/devMachine2/ros2-dev/install/nav2_demo/lib/python3.8/site-packages'
[0.800s] Level 1:colcon.colcon_core.environment:checking '/home/leanh/devMachine2/ros2-dev/install/nav2_demo/bin'
[0.801s] INFO:colcon.colcon_core.shell:Creating package script '/home/leanh/devMachine2/ros2-dev/install/nav2_demo/share/nav2_demo/package.ps1'
[0.803s] INFO:colcon.colcon_core.shell:Creating package descriptor '/home/leanh/devMachine2/ros2-dev/install/nav2_demo/share/nav2_demo/package.dsv'
[0.804s] INFO:colcon.colcon_core.shell:Creating package script '/home/leanh/devMachine2/ros2-dev/install/nav2_demo/share/nav2_demo/package.sh'
[0.804s] INFO:colcon.colcon_core.shell:Creating package script '/home/leanh/devMachine2/ros2-dev/install/nav2_demo/share/nav2_demo/package.bash'
[0.806s] INFO:colcon.colcon_core.shell:Creating package script '/home/leanh/devMachine2/ros2-dev/install/nav2_demo/share/nav2_demo/package.zsh'
[0.806s] Level 1:colcon.colcon_core.environment:create_file_with_runtime_dependencies(/home/leanh/devMachine2/ros2-dev/install/nav2_demo/share/colcon-core/packages/nav2_demo)
[0.814s] Level 1:colcon.colcon_core.environment:create_environment_scripts_only(robot-slam-demo)
[0.815s] Level 1:colcon.colcon_core.environment:checking '/home/leanh/devMachine2/ros2-dev/install/robot-slam-demo' for CMake module files
[0.816s] DEBUG:colcon.colcon_core.event_handler.log_command:Invoked command in '/home/leanh/devMachine2/ros2-dev/build/robot-slam-demo' returned '0': CMAKE_PREFIX_PATH=${CMAKE_PREFIX_PATH}:/opt/ros/galactic /usr/bin/cmake --install /home/leanh/devMachine2/ros2-dev/build/robot-slam-demo
[0.817s] Level 1:colcon.colcon_core.environment:checking '/home/leanh/devMachine2/ros2-dev/install/robot-slam-demo' for CMake config files
[0.817s] Level 1:colcon.colcon_core.shell:create_environment_hook('robot-slam-demo', 'cmake_prefix_path')
[0.817s] INFO:colcon.colcon_core.shell:Creating environment hook '/home/leanh/devMachine2/ros2-dev/install/robot-slam-demo/share/robot-slam-demo/hook/cmake_prefix_path.ps1'
[0.818s] INFO:colcon.colcon_core.shell:Creating environment descriptor '/home/leanh/devMachine2/ros2-dev/install/robot-slam-demo/share/robot-slam-demo/hook/cmake_prefix_path.dsv'
[0.818s] INFO:colcon.colcon_core.shell:Creating environment hook '/home/leanh/devMachine2/ros2-dev/install/robot-slam-demo/share/robot-slam-demo/hook/cmake_prefix_path.sh'
[0.820s] Level 1:colcon.colcon_core.environment:checking '/home/leanh/devMachine2/ros2-dev/install/robot-slam-demo/bin'
[0.820s] Level 1:colcon.colcon_core.environment:checking '/home/leanh/devMachine2/ros2-dev/install/robot-slam-demo/lib/pkgconfig/robot-slam-demo.pc'
[0.820s] Level 1:colcon.colcon_core.environment:checking '/home/leanh/devMachine2/ros2-dev/install/robot-slam-demo/lib/python3.8/site-packages'
[0.821s] Level 1:colcon.colcon_core.environment:checking '/home/leanh/devMachine2/ros2-dev/install/robot-slam-demo/bin'
[0.822s] INFO:colcon.colcon_core.shell:Creating package script '/home/leanh/devMachine2/ros2-dev/install/robot-slam-demo/share/robot-slam-demo/package.ps1'
[0.824s] INFO:colcon.colcon_core.shell:Creating package descriptor '/home/leanh/devMachine2/ros2-dev/install/robot-slam-demo/share/robot-slam-demo/package.dsv'
[0.825s] INFO:colcon.colcon_core.shell:Creating package script '/home/leanh/devMachine2/ros2-dev/install/robot-slam-demo/share/robot-slam-demo/package.sh'
[0.826s] INFO:colcon.colcon_core.shell:Creating package script '/home/leanh/devMachine2/ros2-dev/install/robot-slam-demo/share/robot-slam-demo/package.bash'
[0.827s] INFO:colcon.colcon_core.shell:Creating package script '/home/leanh/devMachine2/ros2-dev/install/robot-slam-demo/share/robot-slam-demo/package.zsh'
[0.828s] Level 1:colcon.colcon_core.environment:create_file_with_runtime_dependencies(/home/leanh/devMachine2/ros2-dev/install/robot-slam-demo/share/colcon-core/packages/robot-slam-demo)
[0.861s] Level 1:colcon.colcon_core.environment:create_environment_scripts_only(nav2_demo)
[0.862s] Level 1:colcon.colcon_core.environment:checking '/home/leanh/devMachine2/ros2-dev/install/nav2_demo' for CMake module files
[0.863s] Level 1:colcon.colcon_core.environment:checking '/home/leanh/devMachine2/ros2-dev/install/nav2_demo' for CMake config files
[0.863s] Level 1:colcon.colcon_core.shell:create_environment_hook('nav2_demo', 'cmake_prefix_path')
[0.864s] INFO:colcon.colcon_core.shell:Creating environment hook '/home/leanh/devMachine2/ros2-dev/install/nav2_demo/share/nav2_demo/hook/cmake_prefix_path.ps1'
[0.865s] INFO:colcon.colcon_core.shell:Creating environment descriptor '/home/leanh/devMachine2/ros2-dev/install/nav2_demo/share/nav2_demo/hook/cmake_prefix_path.dsv'
[0.865s] INFO:colcon.colcon_core.shell:Creating environment hook '/home/leanh/devMachine2/ros2-dev/install/nav2_demo/share/nav2_demo/hook/cmake_prefix_path.sh'
[0.867s] Level 1:colcon.colcon_core.environment:checking '/home/leanh/devMachine2/ros2-dev/install/nav2_demo/bin'
[0.867s] Level 1:colcon.colcon_core.environment:checking '/home/leanh/devMachine2/ros2-dev/install/nav2_demo/lib/pkgconfig/nav2_demo.pc'
[0.867s] Level 1:colcon.colcon_core.environment:checking '/home/leanh/devMachine2/ros2-dev/install/nav2_demo/lib/python3.8/site-packages'
[0.868s] Level 1:colcon.colcon_core.environment:checking '/home/leanh/devMachine2/ros2-dev/install/nav2_demo/bin'
[0.868s] INFO:colcon.colcon_core.shell:Creating package script '/home/leanh/devMachine2/ros2-dev/install/nav2_demo/share/nav2_demo/package.ps1'
[0.870s] INFO:colcon.colcon_core.shell:Creating package descriptor '/home/leanh/devMachine2/ros2-dev/install/nav2_demo/share/nav2_demo/package.dsv'
[0.871s] INFO:colcon.colcon_core.shell:Creating package script '/home/leanh/devMachine2/ros2-dev/install/nav2_demo/share/nav2_demo/package.sh'
[0.872s] INFO:colcon.colcon_core.shell:Creating package script '/home/leanh/devMachine2/ros2-dev/install/nav2_demo/share/nav2_demo/package.bash'
[0.872s] INFO:colcon.colcon_core.shell:Creating package script '/home/leanh/devMachine2/ros2-dev/install/nav2_demo/share/nav2_demo/package.zsh'
[0.873s] Level 1:colcon.colcon_core.environment:create_file_with_runtime_dependencies(/home/leanh/devMachine2/ros2-dev/install/nav2_demo/share/colcon-core/packages/nav2_demo)
[0.878s] Level 1:colcon.colcon_core.environment:create_environment_scripts_only(robot-slam-demo)
[0.878s] Level 1:colcon.colcon_core.environment:checking '/home/leanh/devMachine2/ros2-dev/install/robot-slam-demo' for CMake module files
[0.879s] Level 1:colcon.colcon_core.environment:checking '/home/leanh/devMachine2/ros2-dev/install/robot-slam-demo' for CMake config files
[0.879s] Level 1:colcon.colcon_core.shell:create_environment_hook('robot-slam-demo', 'cmake_prefix_path')
[0.879s] INFO:colcon.colcon_core.shell:Creating environment hook '/home/leanh/devMachine2/ros2-dev/install/robot-slam-demo/share/robot-slam-demo/hook/cmake_prefix_path.ps1'
[0.880s] INFO:colcon.colcon_core.shell:Creating environment descriptor '/home/leanh/devMachine2/ros2-dev/install/robot-slam-demo/share/robot-slam-demo/hook/cmake_prefix_path.dsv'
[0.880s] INFO:colcon.colcon_core.shell:Creating environment hook '/home/leanh/devMachine2/ros2-dev/install/robot-slam-demo/share/robot-slam-demo/hook/cmake_prefix_path.sh'
[0.880s] Level 1:colcon.colcon_core.environment:checking '/home/leanh/devMachine2/ros2-dev/install/robot-slam-demo/bin'
[0.880s] Level 1:colcon.colcon_core.environment:checking '/home/leanh/devMachine2/ros2-dev/install/robot-slam-demo/lib/pkgconfig/robot-slam-demo.pc'
[0.881s] Level 1:colcon.colcon_core.environment:checking '/home/leanh/devMachine2/ros2-dev/install/robot-slam-demo/lib/python3.8/site-packages'
[0.881s] Level 1:colcon.colcon_core.environment:checking '/home/leanh/devMachine2/ros2-dev/install/robot-slam-demo/bin'
[0.881s] INFO:colcon.colcon_core.shell:Creating package script '/home/leanh/devMachine2/ros2-dev/install/robot-slam-demo/share/robot-slam-demo/package.ps1'
[0.882s] INFO:colcon.colcon_core.shell:Creating package descriptor '/home/leanh/devMachine2/ros2-dev/install/robot-slam-demo/share/robot-slam-demo/package.dsv'
[0.883s] INFO:colcon.colcon_core.shell:Creating package script '/home/leanh/devMachine2/ros2-dev/install/robot-slam-demo/share/robot-slam-demo/package.sh'
[0.883s] INFO:colcon.colcon_core.shell:Creating package script '/home/leanh/devMachine2/ros2-dev/install/robot-slam-demo/share/robot-slam-demo/package.bash'
[0.884s] INFO:colcon.colcon_core.shell:Creating package script '/home/leanh/devMachine2/ros2-dev/install/robot-slam-demo/share/robot-slam-demo/package.zsh'
[0.884s] Level 1:colcon.colcon_core.environment:create_file_with_runtime_dependencies(/home/leanh/devMachine2/ros2-dev/install/robot-slam-demo/share/colcon-core/packages/robot-slam-demo)
[0.884s] DEBUG:colcon.colcon_parallel_executor.executor.parallel:closing loop
[0.885s] DEBUG:colcon.colcon_parallel_executor.executor.parallel:loop closed
[0.885s] DEBUG:colcon.colcon_parallel_executor.executor.parallel:run_until_complete finished with '0'
[0.886s] DEBUG:colcon.colcon_core.event_reactor:joining thread
[0.896s] INFO:colcon.colcon_core.plugin_system:Skipping extension 'colcon_notification.desktop_notification.terminal_notifier': Not used on non-Darwin systems
[0.896s] INFO:colcon.colcon_core.plugin_system:Skipping extension 'colcon_notification.desktop_notification.win32': Not used on non-Windows systems
[0.896s] INFO:colcon.colcon_notification.desktop_notification:Sending desktop notification using 'notify2'
[0.918s] DEBUG:colcon.colcon_core.event_reactor:joined thread
[0.919s] INFO:colcon.colcon_core.shell:Creating prefix script '/home/leanh/devMachine2/ros2-dev/install/local_setup.ps1'
[0.921s] INFO:colcon.colcon_core.shell:Creating prefix util module '/home/leanh/devMachine2/ros2-dev/install/_local_setup_util_ps1.py'
[0.925s] INFO:colcon.colcon_core.shell:Creating prefix chain script '/home/leanh/devMachine2/ros2-dev/install/setup.ps1'
[0.929s] INFO:colcon.colcon_core.shell:Creating prefix script '/home/leanh/devMachine2/ros2-dev/install/local_setup.sh'
[0.930s] INFO:colcon.colcon_core.shell:Creating prefix util module '/home/leanh/devMachine2/ros2-dev/install/_local_setup_util_sh.py'
[0.931s] INFO:colcon.colcon_core.shell:Creating prefix chain script '/home/leanh/devMachine2/ros2-dev/install/setup.sh'
[0.933s] INFO:colcon.colcon_core.shell:Creating prefix script '/home/leanh/devMachine2/ros2-dev/install/local_setup.bash'
[0.934s] INFO:colcon.colcon_core.shell:Creating prefix chain script '/home/leanh/devMachine2/ros2-dev/install/setup.bash'
[0.935s] INFO:colcon.colcon_core.shell:Creating prefix script '/home/leanh/devMachine2/ros2-dev/install/local_setup.zsh'
[0.936s] INFO:colcon.colcon_core.shell:Creating prefix chain script '/home/leanh/devMachine2/ros2-dev/install/setup.zsh'
