-- Install configuration: ""
-- Up-to-date: /home/leanh/devMachine2/ros2-dev/install/nav2_demo/share/nav2_demo/launch
-- Up-to-date: /home/leanh/devMachine2/ros2-dev/install/nav2_demo/share/nav2_demo/launch/rviz2.launch.py
-- Up-to-date: /home/leanh/devMachine2/ros2-dev/install/nav2_demo/share/nav2_demo/launch/localization.launch.py
-- Up-to-date: /home/leanh/devMachine2/ros2-dev/install/nav2_demo/share/nav2_demo/launch/navigation.launch.py
-- Up-to-date: /home/leanh/devMachine2/ros2-dev/install/nav2_demo/share/nav2_demo/config
-- Installing: /home/leanh/devMachine2/ros2-dev/install/nav2_demo/share/nav2_demo/config/nav2_tweak3_params.yaml
-- Up-to-date: /home/leanh/devMachine2/ros2-dev/install/nav2_demo/share/nav2_demo/config/nav2_tweak2_params.yaml
-- Up-to-date: /home/leanh/devMachine2/ros2-dev/install/nav2_demo/share/nav2_demo/config/joy_stick.yaml
-- Up-to-date: /home/leanh/devMachine2/ros2-dev/install/nav2_demo/share/nav2_demo/config/nav2_params.yaml
-- Up-to-date: /home/leanh/devMachine2/ros2-dev/install/nav2_demo/share/nav2_demo/config/nav2_tweak_params.yaml
-- Up-to-date: /home/leanh/devMachine2/ros2-dev/install/nav2_demo/share/nav2_demo/config/xxx.txt
-- Up-to-date: /home/leanh/devMachine2/ros2-dev/install/nav2_demo/share/nav2_demo/maps
-- Up-to-date: /home/leanh/devMachine2/ros2-dev/install/nav2_demo/share/nav2_demo/maps/my_map.yaml
-- Up-to-date: /home/leanh/devMachine2/ros2-dev/install/nav2_demo/share/nav2_demo/maps/myMap5.pgm
-- Up-to-date: /home/leanh/devMachine2/ros2-dev/install/nav2_demo/share/nav2_demo/maps/myMap4.yaml
-- Up-to-date: /home/leanh/devMachine2/ros2-dev/install/nav2_demo/share/nav2_demo/maps/map3.yaml
-- Up-to-date: /home/leanh/devMachine2/ros2-dev/install/nav2_demo/share/nav2_demo/maps/myMap5.yaml
-- Up-to-date: /home/leanh/devMachine2/ros2-dev/install/nav2_demo/share/nav2_demo/maps/my_map.pgm
-- Up-to-date: /home/leanh/devMachine2/ros2-dev/install/nav2_demo/share/nav2_demo/maps/myMap4.pgm
-- Up-to-date: /home/leanh/devMachine2/ros2-dev/install/nav2_demo/share/nav2_demo/maps/myMap6.yaml
-- Up-to-date: /home/leanh/devMachine2/ros2-dev/install/nav2_demo/share/nav2_demo/maps/map2.yaml
-- Up-to-date: /home/leanh/devMachine2/ros2-dev/install/nav2_demo/share/nav2_demo/maps/map2.pgm
-- Up-to-date: /home/leanh/devMachine2/ros2-dev/install/nav2_demo/share/nav2_demo/maps/map3.pgm
-- Up-to-date: /home/leanh/devMachine2/ros2-dev/install/nav2_demo/share/nav2_demo/maps/myMap6.pgm
-- Up-to-date: /home/leanh/devMachine2/ros2-dev/install/nav2_demo/share/nav2_demo/rviz
-- Up-to-date: /home/leanh/devMachine2/ros2-dev/install/nav2_demo/share/nav2_demo/rviz/robot4.rviz
-- Up-to-date: /home/leanh/devMachine2/ros2-dev/install/nav2_demo/share/nav2_demo/rviz/robot3.rviz
-- Up-to-date: /home/leanh/devMachine2/ros2-dev/install/nav2_demo/share/ament_index/resource_index/package_run_dependencies/nav2_demo
-- Up-to-date: /home/leanh/devMachine2/ros2-dev/install/nav2_demo/share/ament_index/resource_index/parent_prefix_path/nav2_demo
-- Up-to-date: /home/leanh/devMachine2/ros2-dev/install/nav2_demo/share/nav2_demo/environment/ament_prefix_path.sh
-- Up-to-date: /home/leanh/devMachine2/ros2-dev/install/nav2_demo/share/nav2_demo/environment/ament_prefix_path.dsv
-- Up-to-date: /home/leanh/devMachine2/ros2-dev/install/nav2_demo/share/nav2_demo/environment/path.sh
-- Up-to-date: /home/leanh/devMachine2/ros2-dev/install/nav2_demo/share/nav2_demo/environment/path.dsv
-- Up-to-date: /home/leanh/devMachine2/ros2-dev/install/nav2_demo/share/nav2_demo/local_setup.bash
-- Up-to-date: /home/leanh/devMachine2/ros2-dev/install/nav2_demo/share/nav2_demo/local_setup.sh
-- Up-to-date: /home/leanh/devMachine2/ros2-dev/install/nav2_demo/share/nav2_demo/local_setup.zsh
-- Up-to-date: /home/leanh/devMachine2/ros2-dev/install/nav2_demo/share/nav2_demo/local_setup.dsv
-- Installing: /home/leanh/devMachine2/ros2-dev/install/nav2_demo/share/nav2_demo/package.dsv
-- Up-to-date: /home/leanh/devMachine2/ros2-dev/install/nav2_demo/share/ament_index/resource_index/packages/nav2_demo
-- Up-to-date: /home/leanh/devMachine2/ros2-dev/install/nav2_demo/share/nav2_demo/cmake/nav2_demoConfig.cmake
-- Up-to-date: /home/leanh/devMachine2/ros2-dev/install/nav2_demo/share/nav2_demo/cmake/nav2_demoConfig-version.cmake
-- Up-to-date: /home/leanh/devMachine2/ros2-dev/install/nav2_demo/share/nav2_demo/package.xml
