[0.284s] DEBUG:colcon:Command line arguments: ['/usr/bin/colcon', 'build']
[0.284s] DEBUG:colcon:Parsed command line arguments: Namespace(allow_overriding=[], ament_cmake_args=None, base_paths=['.'], build_base='build', catkin_cmake_args=None, catkin_skip_building_tests=False, cmake_args=None, cmake_clean_cache=False, cmake_clean_first=False, cmake_force_configure=False, cmake_target=None, cmake_target_skip_unavailable=False, continue_on_error=False, event_handlers=None, executor='parallel', ignore_user_meta=False, install_base='install', log_base=None, log_level=None, main=<bound method BuildVerb.main of <colcon_core.verb.build.BuildVerb object at 0x7f40705e9670>>, merge_install=False, metas=['./colcon.meta'], mixin=None, mixin_files=None, mixin_verb=('build',), packages_above=None, packages_above_and_dependencies=None, packages_above_depth=None, packages_end=None, packages_ignore=None, packages_ignore_regex=None, packages_select=None, packages_select_build_failed=False, packages_select_by_dep=None, packages_select_regex=None, packages_select_test_failures=False, packages_skip=None, packages_skip_build_finished=False, packages_skip_by_dep=None, packages_skip_regex=None, packages_skip_test_passed=False, packages_skip_up_to=None, packages_start=None, packages_up_to=None, packages_up_to_regex=None, parallel_workers=16, paths=None, symlink_install=False, test_result_base=None, verb_extension=<colcon_core.verb.build.BuildVerb object at 0x7f40705e9670>, verb_name='build', verb_parser=<colcon_mixin.mixin.mixin_argument.MixinArgumentDecorator object at 0x7f407050f5e0>)
[0.535s] Level 1:colcon.colcon_core.package_discovery:discover_packages(colcon_meta) check parameters
[0.535s] Level 1:colcon.colcon_core.package_discovery:discover_packages(recursive) check parameters
[0.535s] Level 1:colcon.colcon_core.package_discovery:discover_packages(ignore) check parameters
[0.535s] Level 1:colcon.colcon_core.package_discovery:discover_packages(path) check parameters
[0.535s] Level 1:colcon.colcon_core.package_discovery:discover_packages(colcon_meta) discover
[0.535s] Level 1:colcon.colcon_core.package_discovery:discover_packages(recursive) discover
[0.535s] INFO:colcon.colcon_core.package_discovery:Crawling recursively for packages in '/home/leanh/devMachine2/ros2-dev'
[0.535s] Level 1:colcon.colcon_core.package_identification:_identify(.) by extensions ['ignore', 'ignore_ament_install']
[0.535s] Level 1:colcon.colcon_core.package_identification:_identify(.) by extension 'ignore'
[0.535s] Level 1:colcon.colcon_core.package_identification:_identify(.) by extension 'ignore_ament_install'
[0.535s] Level 1:colcon.colcon_core.package_identification:_identify(.) by extensions ['colcon_pkg']
[0.535s] Level 1:colcon.colcon_core.package_identification:_identify(.) by extension 'colcon_pkg'
[0.536s] Level 1:colcon.colcon_core.package_identification:_identify(.) by extensions ['colcon_meta']
[0.536s] Level 1:colcon.colcon_core.package_identification:_identify(.) by extension 'colcon_meta'
[0.536s] Level 1:colcon.colcon_core.package_identification:_identify(.) by extensions ['ros']
[0.536s] Level 1:colcon.colcon_core.package_identification:_identify(.) by extension 'ros'
[0.555s] Level 1:colcon.colcon_core.package_identification:_identify(.) by extensions ['cmake', 'python']
[0.555s] Level 1:colcon.colcon_core.package_identification:_identify(.) by extension 'cmake'
[0.555s] Level 1:colcon.colcon_core.package_identification:_identify(.) by extension 'python'
[0.555s] Level 1:colcon.colcon_core.package_identification:_identify(.) by extensions ['python_setup_py']
[0.555s] Level 1:colcon.colcon_core.package_identification:_identify(.) by extension 'python_setup_py'
[0.556s] Level 1:colcon.colcon_core.package_identification:_identify(build) by extensions ['ignore', 'ignore_ament_install']
[0.556s] Level 1:colcon.colcon_core.package_identification:_identify(build) by extension 'ignore'
[0.556s] Level 1:colcon.colcon_core.package_identification:_identify(build) ignored
[0.557s] Level 1:colcon.colcon_core.package_identification:_identify(install) by extensions ['ignore', 'ignore_ament_install']
[0.557s] Level 1:colcon.colcon_core.package_identification:_identify(install) by extension 'ignore'
[0.557s] Level 1:colcon.colcon_core.package_identification:_identify(install) ignored
[0.557s] Level 1:colcon.colcon_core.package_identification:_identify(log) by extensions ['ignore', 'ignore_ament_install']
[0.557s] Level 1:colcon.colcon_core.package_identification:_identify(log) by extension 'ignore'
[0.558s] Level 1:colcon.colcon_core.package_identification:_identify(log) ignored
[0.558s] Level 1:colcon.colcon_core.package_identification:_identify(src) by extensions ['ignore', 'ignore_ament_install']
[0.558s] Level 1:colcon.colcon_core.package_identification:_identify(src) by extension 'ignore'
[0.558s] Level 1:colcon.colcon_core.package_identification:_identify(src) by extension 'ignore_ament_install'
[0.558s] Level 1:colcon.colcon_core.package_identification:_identify(src) by extensions ['colcon_pkg']
[0.558s] Level 1:colcon.colcon_core.package_identification:_identify(src) by extension 'colcon_pkg'
[0.558s] Level 1:colcon.colcon_core.package_identification:_identify(src) by extensions ['colcon_meta']
[0.558s] Level 1:colcon.colcon_core.package_identification:_identify(src) by extension 'colcon_meta'
[0.559s] Level 1:colcon.colcon_core.package_identification:_identify(src) by extensions ['ros']
[0.559s] Level 1:colcon.colcon_core.package_identification:_identify(src) by extension 'ros'
[0.559s] Level 1:colcon.colcon_core.package_identification:_identify(src) by extensions ['cmake', 'python']
[0.559s] Level 1:colcon.colcon_core.package_identification:_identify(src) by extension 'cmake'
[0.559s] Level 1:colcon.colcon_core.package_identification:_identify(src) by extension 'python'
[0.559s] Level 1:colcon.colcon_core.package_identification:_identify(src) by extensions ['python_setup_py']
[0.559s] Level 1:colcon.colcon_core.package_identification:_identify(src) by extension 'python_setup_py'
[0.560s] Level 1:colcon.colcon_core.package_identification:_identify(src/nav2_demo) by extensions ['ignore', 'ignore_ament_install']
[0.560s] Level 1:colcon.colcon_core.package_identification:_identify(src/nav2_demo) by extension 'ignore'
[0.560s] Level 1:colcon.colcon_core.package_identification:_identify(src/nav2_demo) by extension 'ignore_ament_install'
[0.560s] Level 1:colcon.colcon_core.package_identification:_identify(src/nav2_demo) by extensions ['colcon_pkg']
[0.560s] Level 1:colcon.colcon_core.package_identification:_identify(src/nav2_demo) by extension 'colcon_pkg'
[0.560s] Level 1:colcon.colcon_core.package_identification:_identify(src/nav2_demo) by extensions ['colcon_meta']
[0.560s] Level 1:colcon.colcon_core.package_identification:_identify(src/nav2_demo) by extension 'colcon_meta'
[0.560s] Level 1:colcon.colcon_core.package_identification:_identify(src/nav2_demo) by extensions ['ros']
[0.560s] Level 1:colcon.colcon_core.package_identification:_identify(src/nav2_demo) by extension 'ros'
[0.566s] DEBUG:colcon.colcon_core.package_identification:Package 'src/nav2_demo' with type 'ros.ament_cmake' and name 'nav2_demo'
[0.566s] Level 1:colcon.colcon_core.package_identification:_identify(src/robot-slam-demo) by extensions ['ignore', 'ignore_ament_install']
[0.566s] Level 1:colcon.colcon_core.package_identification:_identify(src/robot-slam-demo) by extension 'ignore'
[0.566s] Level 1:colcon.colcon_core.package_identification:_identify(src/robot-slam-demo) by extension 'ignore_ament_install'
[0.566s] Level 1:colcon.colcon_core.package_identification:_identify(src/robot-slam-demo) by extensions ['colcon_pkg']
[0.566s] Level 1:colcon.colcon_core.package_identification:_identify(src/robot-slam-demo) by extension 'colcon_pkg'
[0.566s] Level 1:colcon.colcon_core.package_identification:_identify(src/robot-slam-demo) by extensions ['colcon_meta']
[0.566s] Level 1:colcon.colcon_core.package_identification:_identify(src/robot-slam-demo) by extension 'colcon_meta'
[0.566s] Level 1:colcon.colcon_core.package_identification:_identify(src/robot-slam-demo) by extensions ['ros']
[0.566s] Level 1:colcon.colcon_core.package_identification:_identify(src/robot-slam-demo) by extension 'ros'
[0.567s] DEBUG:colcon.colcon_core.package_identification:Package 'src/robot-slam-demo' with type 'ros.ament_cmake' and name 'robot-slam-demo'
[0.567s] Level 1:colcon.colcon_core.package_discovery:discover_packages(recursive) using defaults
[0.567s] Level 1:colcon.colcon_core.package_discovery:discover_packages(ignore) discover
[0.567s] Level 1:colcon.colcon_core.package_discovery:discover_packages(ignore) using defaults
[0.567s] Level 1:colcon.colcon_core.package_discovery:discover_packages(path) discover
[0.567s] Level 1:colcon.colcon_core.package_discovery:discover_packages(path) using defaults
[0.586s] Level 1:colcon.colcon_core.package_discovery:discover_packages(prefix_path) check parameters
[0.586s] Level 1:colcon.colcon_core.package_discovery:discover_packages(prefix_path) discover
[0.588s] DEBUG:colcon.colcon_installed_package_information.package_discovery:Found 2 installed packages in /home/leanh/devMachine2/ros2-dev/install
[0.590s] DEBUG:colcon.colcon_installed_package_information.package_discovery:Found 322 installed packages in /opt/ros/galactic
[0.591s] Level 1:colcon.colcon_core.package_discovery:discover_packages(prefix_path) using defaults
[0.649s] Level 5:colcon.colcon_core.verb:set package 'nav2_demo' build argument 'cmake_args' from command line to 'None'
[0.649s] Level 5:colcon.colcon_core.verb:set package 'nav2_demo' build argument 'cmake_target' from command line to 'None'
[0.649s] Level 5:colcon.colcon_core.verb:set package 'nav2_demo' build argument 'cmake_target_skip_unavailable' from command line to 'False'
[0.649s] Level 5:colcon.colcon_core.verb:set package 'nav2_demo' build argument 'cmake_clean_cache' from command line to 'False'
[0.649s] Level 5:colcon.colcon_core.verb:set package 'nav2_demo' build argument 'cmake_clean_first' from command line to 'False'
[0.649s] Level 5:colcon.colcon_core.verb:set package 'nav2_demo' build argument 'cmake_force_configure' from command line to 'False'
[0.649s] Level 5:colcon.colcon_core.verb:set package 'nav2_demo' build argument 'ament_cmake_args' from command line to 'None'
[0.649s] Level 5:colcon.colcon_core.verb:set package 'nav2_demo' build argument 'catkin_cmake_args' from command line to 'None'
[0.649s] Level 5:colcon.colcon_core.verb:set package 'nav2_demo' build argument 'catkin_skip_building_tests' from command line to 'False'
[0.649s] DEBUG:colcon.colcon_core.verb:Building package 'nav2_demo' with the following arguments: {'ament_cmake_args': None, 'build_base': '/home/leanh/devMachine2/ros2-dev/build/nav2_demo', 'catkin_cmake_args': None, 'catkin_skip_building_tests': False, 'cmake_args': None, 'cmake_clean_cache': False, 'cmake_clean_first': False, 'cmake_force_configure': False, 'cmake_target': None, 'cmake_target_skip_unavailable': False, 'install_base': '/home/leanh/devMachine2/ros2-dev/install/nav2_demo', 'merge_install': False, 'path': '/home/leanh/devMachine2/ros2-dev/src/nav2_demo', 'symlink_install': False, 'test_result_base': None}
[0.649s] Level 5:colcon.colcon_core.verb:set package 'robot-slam-demo' build argument 'cmake_args' from command line to 'None'
[0.649s] Level 5:colcon.colcon_core.verb:set package 'robot-slam-demo' build argument 'cmake_target' from command line to 'None'
[0.649s] Level 5:colcon.colcon_core.verb:set package 'robot-slam-demo' build argument 'cmake_target_skip_unavailable' from command line to 'False'
[0.649s] Level 5:colcon.colcon_core.verb:set package 'robot-slam-demo' build argument 'cmake_clean_cache' from command line to 'False'
[0.649s] Level 5:colcon.colcon_core.verb:set package 'robot-slam-demo' build argument 'cmake_clean_first' from command line to 'False'
[0.649s] Level 5:colcon.colcon_core.verb:set package 'robot-slam-demo' build argument 'cmake_force_configure' from command line to 'False'
[0.649s] Level 5:colcon.colcon_core.verb:set package 'robot-slam-demo' build argument 'ament_cmake_args' from command line to 'None'
[0.649s] Level 5:colcon.colcon_core.verb:set package 'robot-slam-demo' build argument 'catkin_cmake_args' from command line to 'None'
[0.649s] Level 5:colcon.colcon_core.verb:set package 'robot-slam-demo' build argument 'catkin_skip_building_tests' from command line to 'False'
[0.649s] DEBUG:colcon.colcon_core.verb:Building package 'robot-slam-demo' with the following arguments: {'ament_cmake_args': None, 'build_base': '/home/leanh/devMachine2/ros2-dev/build/robot-slam-demo', 'catkin_cmake_args': None, 'catkin_skip_building_tests': False, 'cmake_args': None, 'cmake_clean_cache': False, 'cmake_clean_first': False, 'cmake_force_configure': False, 'cmake_target': None, 'cmake_target_skip_unavailable': False, 'install_base': '/home/leanh/devMachine2/ros2-dev/install/robot-slam-demo', 'merge_install': False, 'path': '/home/leanh/devMachine2/ros2-dev/src/robot-slam-demo', 'symlink_install': False, 'test_result_base': None}
[0.649s] INFO:colcon.colcon_core.executor:Executing jobs using 'parallel' executor
[0.650s] DEBUG:colcon.colcon_parallel_executor.executor.parallel:run_until_complete
[0.651s] INFO:colcon.colcon_ros.task.ament_cmake.build:Building ROS package in '/home/leanh/devMachine2/ros2-dev/src/nav2_demo' with build type 'ament_cmake'
[0.651s] INFO:colcon.colcon_cmake.task.cmake.build:Building CMake package in '/home/leanh/devMachine2/ros2-dev/src/nav2_demo'
[0.653s] INFO:colcon.colcon_core.plugin_system:Skipping extension 'colcon_core.shell.bat': Not used on non-Windows systems
[0.654s] INFO:colcon.colcon_core.shell:Skip shell extension 'powershell' for command environment: Not usable outside of PowerShell
[0.654s] DEBUG:colcon.colcon_core.shell:Skip shell extension 'dsv' for command environment
[0.668s] INFO:colcon.colcon_ros.task.ament_cmake.build:Building ROS package in '/home/leanh/devMachine2/ros2-dev/src/robot-slam-demo' with build type 'ament_cmake'
[0.669s] INFO:colcon.colcon_cmake.task.cmake.build:Building CMake package in '/home/leanh/devMachine2/ros2-dev/src/robot-slam-demo'
[0.670s] INFO:colcon.colcon_core.shell:Skip shell extension 'powershell' for command environment: Not usable outside of PowerShell
[0.670s] DEBUG:colcon.colcon_core.shell:Skip shell extension 'dsv' for command environment
[0.696s] DEBUG:colcon.colcon_core.event_handler.log_command:Invoking command in '/home/leanh/devMachine2/ros2-dev/build/nav2_demo': CMAKE_PREFIX_PATH=${CMAKE_PREFIX_PATH}:/opt/ros/galactic /usr/bin/cmake --build /home/leanh/devMachine2/ros2-dev/build/nav2_demo -- -j16 -l16
[0.705s] DEBUG:colcon.colcon_core.event_handler.log_command:Invoking command in '/home/leanh/devMachine2/ros2-dev/build/robot-slam-demo': CMAKE_PREFIX_PATH=${CMAKE_PREFIX_PATH}:/opt/ros/galactic /usr/bin/cmake --build /home/leanh/devMachine2/ros2-dev/build/robot-slam-demo -- -j16 -l16
[0.783s] DEBUG:colcon.colcon_core.event_handler.log_command:Invoked command in '/home/leanh/devMachine2/ros2-dev/build/robot-slam-demo' returned '0': CMAKE_PREFIX_PATH=${CMAKE_PREFIX_PATH}:/opt/ros/galactic /usr/bin/cmake --build /home/leanh/devMachine2/ros2-dev/build/robot-slam-demo -- -j16 -l16
[0.794s] DEBUG:colcon.colcon_core.event_handler.log_command:Invoked command in '/home/leanh/devMachine2/ros2-dev/build/nav2_demo' returned '0': CMAKE_PREFIX_PATH=${CMAKE_PREFIX_PATH}:/opt/ros/galactic /usr/bin/cmake --build /home/leanh/devMachine2/ros2-dev/build/nav2_demo -- -j16 -l16
[0.860s] DEBUG:colcon.colcon_core.event_handler.log_command:Invoking command in '/home/leanh/devMachine2/ros2-dev/build/robot-slam-demo': CMAKE_PREFIX_PATH=${CMAKE_PREFIX_PATH}:/opt/ros/galactic /usr/bin/cmake --install /home/leanh/devMachine2/ros2-dev/build/robot-slam-demo
[0.875s] DEBUG:colcon.colcon_core.event_handler.log_command:Invoking command in '/home/leanh/devMachine2/ros2-dev/build/nav2_demo': CMAKE_PREFIX_PATH=${CMAKE_PREFIX_PATH}:/opt/ros/galactic /usr/bin/cmake --install /home/leanh/devMachine2/ros2-dev/build/nav2_demo
[0.885s] Level 1:colcon.colcon_core.environment:create_environment_scripts_only(robot-slam-demo)
[0.887s] DEBUG:colcon.colcon_core.event_handler.log_command:Invoked command in '/home/leanh/devMachine2/ros2-dev/build/robot-slam-demo' returned '0': CMAKE_PREFIX_PATH=${CMAKE_PREFIX_PATH}:/opt/ros/galactic /usr/bin/cmake --install /home/leanh/devMachine2/ros2-dev/build/robot-slam-demo
[0.900s] Level 1:colcon.colcon_core.environment:checking '/home/leanh/devMachine2/ros2-dev/install/robot-slam-demo' for CMake module files
[0.902s] Level 1:colcon.colcon_core.environment:checking '/home/leanh/devMachine2/ros2-dev/install/robot-slam-demo' for CMake config files
[0.902s] Level 1:colcon.colcon_core.shell:create_environment_hook('robot-slam-demo', 'cmake_prefix_path')
[0.903s] INFO:colcon.colcon_core.shell:Creating environment hook '/home/leanh/devMachine2/ros2-dev/install/robot-slam-demo/share/robot-slam-demo/hook/cmake_prefix_path.ps1'
[0.905s] INFO:colcon.colcon_core.shell:Creating environment descriptor '/home/leanh/devMachine2/ros2-dev/install/robot-slam-demo/share/robot-slam-demo/hook/cmake_prefix_path.dsv'
[0.906s] INFO:colcon.colcon_core.shell:Creating environment hook '/home/leanh/devMachine2/ros2-dev/install/robot-slam-demo/share/robot-slam-demo/hook/cmake_prefix_path.sh'
[0.907s] Level 1:colcon.colcon_core.environment:checking '/home/leanh/devMachine2/ros2-dev/install/robot-slam-demo/bin'
[0.907s] Level 1:colcon.colcon_core.environment:checking '/home/leanh/devMachine2/ros2-dev/install/robot-slam-demo/lib/pkgconfig/robot-slam-demo.pc'
[0.907s] Level 1:colcon.colcon_core.environment:checking '/home/leanh/devMachine2/ros2-dev/install/robot-slam-demo/lib/python3.8/site-packages'
[0.907s] Level 1:colcon.colcon_core.environment:checking '/home/leanh/devMachine2/ros2-dev/install/robot-slam-demo/bin'
[0.907s] INFO:colcon.colcon_core.shell:Creating package script '/home/leanh/devMachine2/ros2-dev/install/robot-slam-demo/share/robot-slam-demo/package.ps1'
[0.909s] INFO:colcon.colcon_core.shell:Creating package descriptor '/home/leanh/devMachine2/ros2-dev/install/robot-slam-demo/share/robot-slam-demo/package.dsv'
[0.910s] INFO:colcon.colcon_core.shell:Creating package script '/home/leanh/devMachine2/ros2-dev/install/robot-slam-demo/share/robot-slam-demo/package.sh'
[0.911s] INFO:colcon.colcon_core.shell:Creating package script '/home/leanh/devMachine2/ros2-dev/install/robot-slam-demo/share/robot-slam-demo/package.bash'
[0.913s] INFO:colcon.colcon_core.shell:Creating package script '/home/leanh/devMachine2/ros2-dev/install/robot-slam-demo/share/robot-slam-demo/package.zsh'
[0.914s] Level 1:colcon.colcon_core.environment:create_file_with_runtime_dependencies(/home/leanh/devMachine2/ros2-dev/install/robot-slam-demo/share/colcon-core/packages/robot-slam-demo)
[0.920s] Level 1:colcon.colcon_core.environment:create_environment_scripts_only(nav2_demo)
[0.920s] Level 1:colcon.colcon_core.environment:checking '/home/leanh/devMachine2/ros2-dev/install/nav2_demo' for CMake module files
[0.921s] DEBUG:colcon.colcon_core.event_handler.log_command:Invoked command in '/home/leanh/devMachine2/ros2-dev/build/nav2_demo' returned '0': CMAKE_PREFIX_PATH=${CMAKE_PREFIX_PATH}:/opt/ros/galactic /usr/bin/cmake --install /home/leanh/devMachine2/ros2-dev/build/nav2_demo
[0.921s] Level 1:colcon.colcon_core.environment:checking '/home/leanh/devMachine2/ros2-dev/install/nav2_demo' for CMake config files
[0.922s] Level 1:colcon.colcon_core.shell:create_environment_hook('nav2_demo', 'cmake_prefix_path')
[0.922s] INFO:colcon.colcon_core.shell:Creating environment hook '/home/leanh/devMachine2/ros2-dev/install/nav2_demo/share/nav2_demo/hook/cmake_prefix_path.ps1'
[0.922s] INFO:colcon.colcon_core.shell:Creating environment descriptor '/home/leanh/devMachine2/ros2-dev/install/nav2_demo/share/nav2_demo/hook/cmake_prefix_path.dsv'
[0.923s] INFO:colcon.colcon_core.shell:Creating environment hook '/home/leanh/devMachine2/ros2-dev/install/nav2_demo/share/nav2_demo/hook/cmake_prefix_path.sh'
[0.923s] Level 1:colcon.colcon_core.environment:checking '/home/leanh/devMachine2/ros2-dev/install/nav2_demo/bin'
[0.923s] Level 1:colcon.colcon_core.environment:checking '/home/leanh/devMachine2/ros2-dev/install/nav2_demo/lib/pkgconfig/nav2_demo.pc'
[0.923s] Level 1:colcon.colcon_core.environment:checking '/home/leanh/devMachine2/ros2-dev/install/nav2_demo/lib/python3.8/site-packages'
[0.924s] Level 1:colcon.colcon_core.environment:checking '/home/leanh/devMachine2/ros2-dev/install/nav2_demo/bin'
[0.924s] INFO:colcon.colcon_core.shell:Creating package script '/home/leanh/devMachine2/ros2-dev/install/nav2_demo/share/nav2_demo/package.ps1'
[0.924s] INFO:colcon.colcon_core.shell:Creating package descriptor '/home/leanh/devMachine2/ros2-dev/install/nav2_demo/share/nav2_demo/package.dsv'
[0.925s] INFO:colcon.colcon_core.shell:Creating package script '/home/leanh/devMachine2/ros2-dev/install/nav2_demo/share/nav2_demo/package.sh'
[0.925s] INFO:colcon.colcon_core.shell:Creating package script '/home/leanh/devMachine2/ros2-dev/install/nav2_demo/share/nav2_demo/package.bash'
[0.925s] INFO:colcon.colcon_core.shell:Creating package script '/home/leanh/devMachine2/ros2-dev/install/nav2_demo/share/nav2_demo/package.zsh'
[0.925s] Level 1:colcon.colcon_core.environment:create_file_with_runtime_dependencies(/home/leanh/devMachine2/ros2-dev/install/nav2_demo/share/colcon-core/packages/nav2_demo)
[0.968s] Level 1:colcon.colcon_core.environment:create_environment_scripts_only(robot-slam-demo)
[0.968s] Level 1:colcon.colcon_core.environment:checking '/home/leanh/devMachine2/ros2-dev/install/robot-slam-demo' for CMake module files
[0.969s] Level 1:colcon.colcon_core.environment:checking '/home/leanh/devMachine2/ros2-dev/install/robot-slam-demo' for CMake config files
[0.969s] Level 1:colcon.colcon_core.shell:create_environment_hook('robot-slam-demo', 'cmake_prefix_path')
[0.970s] INFO:colcon.colcon_core.shell:Creating environment hook '/home/leanh/devMachine2/ros2-dev/install/robot-slam-demo/share/robot-slam-demo/hook/cmake_prefix_path.ps1'
[0.970s] INFO:colcon.colcon_core.shell:Creating environment descriptor '/home/leanh/devMachine2/ros2-dev/install/robot-slam-demo/share/robot-slam-demo/hook/cmake_prefix_path.dsv'
[0.970s] INFO:colcon.colcon_core.shell:Creating environment hook '/home/leanh/devMachine2/ros2-dev/install/robot-slam-demo/share/robot-slam-demo/hook/cmake_prefix_path.sh'
[0.971s] Level 1:colcon.colcon_core.environment:checking '/home/leanh/devMachine2/ros2-dev/install/robot-slam-demo/bin'
[0.971s] Level 1:colcon.colcon_core.environment:checking '/home/leanh/devMachine2/ros2-dev/install/robot-slam-demo/lib/pkgconfig/robot-slam-demo.pc'
[0.971s] Level 1:colcon.colcon_core.environment:checking '/home/leanh/devMachine2/ros2-dev/install/robot-slam-demo/lib/python3.8/site-packages'
[0.971s] Level 1:colcon.colcon_core.environment:checking '/home/leanh/devMachine2/ros2-dev/install/robot-slam-demo/bin'
[0.972s] INFO:colcon.colcon_core.shell:Creating package script '/home/leanh/devMachine2/ros2-dev/install/robot-slam-demo/share/robot-slam-demo/package.ps1'
[0.972s] INFO:colcon.colcon_core.shell:Creating package descriptor '/home/leanh/devMachine2/ros2-dev/install/robot-slam-demo/share/robot-slam-demo/package.dsv'
[0.973s] INFO:colcon.colcon_core.shell:Creating package script '/home/leanh/devMachine2/ros2-dev/install/robot-slam-demo/share/robot-slam-demo/package.sh'
[0.973s] INFO:colcon.colcon_core.shell:Creating package script '/home/leanh/devMachine2/ros2-dev/install/robot-slam-demo/share/robot-slam-demo/package.bash'
[0.974s] INFO:colcon.colcon_core.shell:Creating package script '/home/leanh/devMachine2/ros2-dev/install/robot-slam-demo/share/robot-slam-demo/package.zsh'
[0.974s] Level 1:colcon.colcon_core.environment:create_file_with_runtime_dependencies(/home/leanh/devMachine2/ros2-dev/install/robot-slam-demo/share/colcon-core/packages/robot-slam-demo)
[0.975s] Level 1:colcon.colcon_core.environment:create_environment_scripts_only(nav2_demo)
[0.976s] Level 1:colcon.colcon_core.environment:checking '/home/leanh/devMachine2/ros2-dev/install/nav2_demo' for CMake module files
[0.976s] Level 1:colcon.colcon_core.environment:checking '/home/leanh/devMachine2/ros2-dev/install/nav2_demo' for CMake config files
[0.976s] Level 1:colcon.colcon_core.shell:create_environment_hook('nav2_demo', 'cmake_prefix_path')
[0.977s] INFO:colcon.colcon_core.shell:Creating environment hook '/home/leanh/devMachine2/ros2-dev/install/nav2_demo/share/nav2_demo/hook/cmake_prefix_path.ps1'
[0.977s] INFO:colcon.colcon_core.shell:Creating environment descriptor '/home/leanh/devMachine2/ros2-dev/install/nav2_demo/share/nav2_demo/hook/cmake_prefix_path.dsv'
[0.977s] INFO:colcon.colcon_core.shell:Creating environment hook '/home/leanh/devMachine2/ros2-dev/install/nav2_demo/share/nav2_demo/hook/cmake_prefix_path.sh'
[0.978s] Level 1:colcon.colcon_core.environment:checking '/home/leanh/devMachine2/ros2-dev/install/nav2_demo/bin'
[0.978s] Level 1:colcon.colcon_core.environment:checking '/home/leanh/devMachine2/ros2-dev/install/nav2_demo/lib/pkgconfig/nav2_demo.pc'
[0.978s] Level 1:colcon.colcon_core.environment:checking '/home/leanh/devMachine2/ros2-dev/install/nav2_demo/lib/python3.8/site-packages'
[0.978s] Level 1:colcon.colcon_core.environment:checking '/home/leanh/devMachine2/ros2-dev/install/nav2_demo/bin'
[0.979s] INFO:colcon.colcon_core.shell:Creating package script '/home/leanh/devMachine2/ros2-dev/install/nav2_demo/share/nav2_demo/package.ps1'
[0.979s] INFO:colcon.colcon_core.shell:Creating package descriptor '/home/leanh/devMachine2/ros2-dev/install/nav2_demo/share/nav2_demo/package.dsv'
[0.980s] INFO:colcon.colcon_core.shell:Creating package script '/home/leanh/devMachine2/ros2-dev/install/nav2_demo/share/nav2_demo/package.sh'
[0.980s] INFO:colcon.colcon_core.shell:Creating package script '/home/leanh/devMachine2/ros2-dev/install/nav2_demo/share/nav2_demo/package.bash'
[0.980s] INFO:colcon.colcon_core.shell:Creating package script '/home/leanh/devMachine2/ros2-dev/install/nav2_demo/share/nav2_demo/package.zsh'
[0.981s] Level 1:colcon.colcon_core.environment:create_file_with_runtime_dependencies(/home/leanh/devMachine2/ros2-dev/install/nav2_demo/share/colcon-core/packages/nav2_demo)
[0.981s] DEBUG:colcon.colcon_parallel_executor.executor.parallel:closing loop
[0.981s] DEBUG:colcon.colcon_parallel_executor.executor.parallel:loop closed
[0.981s] DEBUG:colcon.colcon_parallel_executor.executor.parallel:run_until_complete finished with '0'
[0.981s] DEBUG:colcon.colcon_core.event_reactor:joining thread
[0.995s] INFO:colcon.colcon_core.plugin_system:Skipping extension 'colcon_notification.desktop_notification.terminal_notifier': Not used on non-Darwin systems
[0.996s] INFO:colcon.colcon_core.plugin_system:Skipping extension 'colcon_notification.desktop_notification.win32': Not used on non-Windows systems
[0.996s] INFO:colcon.colcon_notification.desktop_notification:Sending desktop notification using 'notify2'
[1.019s] DEBUG:colcon.colcon_core.event_reactor:joined thread
[1.020s] INFO:colcon.colcon_core.shell:Creating prefix script '/home/leanh/devMachine2/ros2-dev/install/local_setup.ps1'
[1.024s] INFO:colcon.colcon_core.shell:Creating prefix util module '/home/leanh/devMachine2/ros2-dev/install/_local_setup_util_ps1.py'
[1.027s] INFO:colcon.colcon_core.shell:Creating prefix chain script '/home/leanh/devMachine2/ros2-dev/install/setup.ps1'
[1.031s] INFO:colcon.colcon_core.shell:Creating prefix script '/home/leanh/devMachine2/ros2-dev/install/local_setup.sh'
[1.032s] INFO:colcon.colcon_core.shell:Creating prefix util module '/home/leanh/devMachine2/ros2-dev/install/_local_setup_util_sh.py'
[1.033s] INFO:colcon.colcon_core.shell:Creating prefix chain script '/home/leanh/devMachine2/ros2-dev/install/setup.sh'
[1.036s] INFO:colcon.colcon_core.shell:Creating prefix script '/home/leanh/devMachine2/ros2-dev/install/local_setup.bash'
[1.037s] INFO:colcon.colcon_core.shell:Creating prefix chain script '/home/leanh/devMachine2/ros2-dev/install/setup.bash'
[1.039s] INFO:colcon.colcon_core.shell:Creating prefix script '/home/leanh/devMachine2/ros2-dev/install/local_setup.zsh'
[1.040s] INFO:colcon.colcon_core.shell:Creating prefix chain script '/home/leanh/devMachine2/ros2-dev/install/setup.zsh'
