[0.033s] Invoking command in '/home/leanh/devMachine2/ros2-dev/build/nav2_demo': CMAKE_PREFIX_PATH=${CMAKE_PREFIX_PATH}:/opt/ros/galactic /usr/bin/cmake /home/leanh/devMachine2/ros2-dev/src/nav2_demo -DCMAKE_INSTALL_PREFIX=/home/leanh/devMachine2/ros2-dev/install/nav2_demo
[0.237s] -- The C compiler identification is GNU 9.4.0
[0.364s] -- The CXX compiler identification is GNU 9.4.0
[0.371s] -- Check for working C compiler: /usr/bin/cc
[0.484s] -- Check for working C compiler: /usr/bin/cc -- works
[0.485s] -- Detecting C compiler ABI info
[0.610s] -- Detecting C compiler ABI info - done
[0.626s] -- Detecting C compile features
[0.626s] -- Detecting C compile features - done
[0.628s] -- Check for working CXX compiler: /usr/bin/c++
[0.764s] -- Check for working CXX compiler: /usr/bin/c++ -- works
[0.765s] -- Detecting CXX compiler ABI info
[0.894s] -- Detecting CXX compiler ABI info - done
[0.908s] -- Detecting CXX compile features
[0.908s] -- Detecting CXX compile features - done
[0.911s] -- Found ament_cmake: 1.1.6 (/opt/ros/galactic/share/ament_cmake/cmake)
[0.945s] -- Found PythonInterp: /usr/bin/python3 (found suitable version "3.8.10", minimum required is "3") 
[0.945s] -- Using PYTHON_EXECUTABLE: /usr/bin/python3
[1.052s] -- Found ament_lint_auto: 0.10.7 (/opt/ros/galactic/share/ament_lint_auto/cmake)
[1.144s] -- Added test 'copyright' to check source files copyright and LICENSE
[1.157s] -- Added test 'flake8' to check Python code syntax and style conventions
[1.159s] -- Added test 'lint_cmake' to check CMake code style
[1.160s] -- Added test 'pep257' to check Python code against some of the style conventions in PEP 257
[1.164s] -- Added test 'xmllint' to check XML markup files
[1.173s] -- Configuring done
[1.173s] -- Generating done
[1.173s] -- Build files have been written to: /home/leanh/devMachine2/ros2-dev/build/nav2_demo
[1.178s] Invoked command in '/home/leanh/devMachine2/ros2-dev/build/nav2_demo' returned '0': CMAKE_PREFIX_PATH=${CMAKE_PREFIX_PATH}:/opt/ros/galactic /usr/bin/cmake /home/leanh/devMachine2/ros2-dev/src/nav2_demo -DCMAKE_INSTALL_PREFIX=/home/leanh/devMachine2/ros2-dev/install/nav2_demo
[1.180s] Invoking command in '/home/leanh/devMachine2/ros2-dev/build/nav2_demo': CMAKE_PREFIX_PATH=${CMAKE_PREFIX_PATH}:/opt/ros/galactic /usr/bin/cmake --build /home/leanh/devMachine2/ros2-dev/build/nav2_demo -- -j16 -l16
[1.253s] Invoked command in '/home/leanh/devMachine2/ros2-dev/build/nav2_demo' returned '0': CMAKE_PREFIX_PATH=${CMAKE_PREFIX_PATH}:/opt/ros/galactic /usr/bin/cmake --build /home/leanh/devMachine2/ros2-dev/build/nav2_demo -- -j16 -l16
[1.325s] Invoking command in '/home/leanh/devMachine2/ros2-dev/build/nav2_demo': CMAKE_PREFIX_PATH=${CMAKE_PREFIX_PATH}:/opt/ros/galactic /usr/bin/cmake --install /home/leanh/devMachine2/ros2-dev/build/nav2_demo
[1.338s] -- Install configuration: ""
[1.338s] -- Installing: /home/leanh/devMachine2/ros2-dev/install/nav2_demo/share/nav2_demo/launch
[1.338s] -- Installing: /home/leanh/devMachine2/ros2-dev/install/nav2_demo/share/nav2_demo/launch/rviz2.launch.py
[1.338s] -- Installing: /home/leanh/devMachine2/ros2-dev/install/nav2_demo/share/nav2_demo/launch/localization.launch.py
[1.345s] -- Installing: /home/leanh/devMachine2/ros2-dev/install/nav2_demo/share/nav2_demo/launch/navigation.launch.py
[1.346s] -- Installing: /home/leanh/devMachine2/ros2-dev/install/nav2_demo/share/nav2_demo/config
[1.346s] -- Installing: /home/leanh/devMachine2/ros2-dev/install/nav2_demo/share/nav2_demo/config/nav2_tweak3_params.yaml
[1.346s] -- Installing: /home/leanh/devMachine2/ros2-dev/install/nav2_demo/share/nav2_demo/config/nav2_tweak2_params.yaml
[1.346s] -- Installing: /home/leanh/devMachine2/ros2-dev/install/nav2_demo/share/nav2_demo/config/joy_stick.yaml
[1.346s] -- Installing: /home/leanh/devMachine2/ros2-dev/install/nav2_demo/share/nav2_demo/config/nav2_params.yaml
[1.348s] -- Installing: /home/leanh/devMachine2/ros2-dev/install/nav2_demo/share/nav2_demo/config/nav2_tweak_params.yaml
[1.352s] -- Installing: /home/leanh/devMachine2/ros2-dev/install/nav2_demo/share/nav2_demo/config/xxx.txt
[1.352s] -- Installing: /home/leanh/devMachine2/ros2-dev/install/nav2_demo/share/nav2_demo/maps
[1.352s] -- Installing: /home/leanh/devMachine2/ros2-dev/install/nav2_demo/share/nav2_demo/maps/my_map.yaml
[1.352s] -- Installing: /home/leanh/devMachine2/ros2-dev/install/nav2_demo/share/nav2_demo/maps/myMap5.pgm
[1.353s] -- Installing: /home/leanh/devMachine2/ros2-dev/install/nav2_demo/share/nav2_demo/maps/myMap4.yaml
[1.353s] -- Installing: /home/leanh/devMachine2/ros2-dev/install/nav2_demo/share/nav2_demo/maps/map3.yaml
[1.353s] -- Installing: /home/leanh/devMachine2/ros2-dev/install/nav2_demo/share/nav2_demo/maps/myMap5.yaml
[1.353s] -- Installing: /home/leanh/devMachine2/ros2-dev/install/nav2_demo/share/nav2_demo/maps/my_map.pgm
[1.353s] -- Installing: /home/leanh/devMachine2/ros2-dev/install/nav2_demo/share/nav2_demo/maps/myMap4.pgm
[1.353s] -- Installing: /home/leanh/devMachine2/ros2-dev/install/nav2_demo/share/nav2_demo/maps/myMap6.yaml
[1.353s] -- Installing: /home/leanh/devMachine2/ros2-dev/install/nav2_demo/share/nav2_demo/maps/map2.yaml
[1.353s] -- Installing: /home/leanh/devMachine2/ros2-dev/install/nav2_demo/share/nav2_demo/maps/map2.pgm
[1.354s] -- Installing: /home/leanh/devMachine2/ros2-dev/install/nav2_demo/share/nav2_demo/maps/map3.pgm
[1.355s] -- Installing: /home/leanh/devMachine2/ros2-dev/install/nav2_demo/share/nav2_demo/maps/myMap6.pgm
[1.355s] -- Installing: /home/leanh/devMachine2/ros2-dev/install/nav2_demo/share/nav2_demo/rviz
[1.356s] -- Installing: /home/leanh/devMachine2/ros2-dev/install/nav2_demo/share/nav2_demo/rviz/robot4.rviz
[1.356s] -- Installing: /home/leanh/devMachine2/ros2-dev/install/nav2_demo/share/nav2_demo/rviz/robot3.rviz
[1.356s] -- Installing: /home/leanh/devMachine2/ros2-dev/install/nav2_demo/share/ament_index/resource_index/package_run_dependencies/nav2_demo
[1.356s] -- Installing: /home/leanh/devMachine2/ros2-dev/install/nav2_demo/share/ament_index/resource_index/parent_prefix_path/nav2_demo
[1.356s] -- Installing: /home/leanh/devMachine2/ros2-dev/install/nav2_demo/share/nav2_demo/environment/ament_prefix_path.sh
[1.356s] -- Installing: /home/leanh/devMachine2/ros2-dev/install/nav2_demo/share/nav2_demo/environment/ament_prefix_path.dsv
[1.356s] -- Installing: /home/leanh/devMachine2/ros2-dev/install/nav2_demo/share/nav2_demo/environment/path.sh
[1.356s] -- Installing: /home/leanh/devMachine2/ros2-dev/install/nav2_demo/share/nav2_demo/environment/path.dsv
[1.357s] -- Installing: /home/leanh/devMachine2/ros2-dev/install/nav2_demo/share/nav2_demo/local_setup.bash
[1.357s] -- Installing: /home/leanh/devMachine2/ros2-dev/install/nav2_demo/share/nav2_demo/local_setup.sh
[1.357s] -- Installing: /home/leanh/devMachine2/ros2-dev/install/nav2_demo/share/nav2_demo/local_setup.zsh
[1.357s] -- Installing: /home/leanh/devMachine2/ros2-dev/install/nav2_demo/share/nav2_demo/local_setup.dsv
[1.357s] -- Installing: /home/leanh/devMachine2/ros2-dev/install/nav2_demo/share/nav2_demo/package.dsv
[1.357s] -- Installing: /home/leanh/devMachine2/ros2-dev/install/nav2_demo/share/ament_index/resource_index/packages/nav2_demo
[1.357s] -- Installing: /home/leanh/devMachine2/ros2-dev/install/nav2_demo/share/nav2_demo/cmake/nav2_demoConfig.cmake
[1.357s] -- Installing: /home/leanh/devMachine2/ros2-dev/install/nav2_demo/share/nav2_demo/cmake/nav2_demoConfig-version.cmake
[1.357s] -- Installing: /home/leanh/devMachine2/ros2-dev/install/nav2_demo/share/nav2_demo/package.xml
[1.374s] Invoked command in '/home/leanh/devMachine2/ros2-dev/build/nav2_demo' returned '0': CMAKE_PREFIX_PATH=${CMAKE_PREFIX_PATH}:/opt/ros/galactic /usr/bin/cmake --install /home/leanh/devMachine2/ros2-dev/build/nav2_demo
